TimeQuest Timing Analyzer report for BCD_Converter
Sun Mar 08 01:51:31 2020
Quartus II Version 9.0 Build 132 02/25/2009 SJ Web Edition


---------------------
; Table of Contents ;
---------------------
  1. Legal Notice
  2. TimeQuest Timing Analyzer Summary
  3. Parallel Compilation
  4. Clocks
  5. Slow 1200mV 85C Model Fmax Summary
  6. Slow 1200mV 85C Model Setup Summary
  7. Slow 1200mV 85C Model Hold Summary
  8. Slow 1200mV 85C Model Recovery Summary
  9. Slow 1200mV 85C Model Removal Summary
 10. Slow 1200mV 85C Model Minimum Pulse Width
 11. Propagation Delay
 12. Minimum Propagation Delay
 13. Slow 1200mV 0C Model Fmax Summary
 14. Slow 1200mV 0C Model Setup Summary
 15. Slow 1200mV 0C Model Hold Summary
 16. Slow 1200mV 0C Model Recovery Summary
 17. Slow 1200mV 0C Model Removal Summary
 18. Slow 1200mV 0C Model Minimum Pulse Width
 19. Propagation Delay
 20. Minimum Propagation Delay
 21. Fast 1200mV 0C Model Setup Summary
 22. Fast 1200mV 0C Model Hold Summary
 23. Fast 1200mV 0C Model Recovery Summary
 24. Fast 1200mV 0C Model Removal Summary
 25. Fast 1200mV 0C Model Minimum Pulse Width
 26. Propagation Delay
 27. Minimum Propagation Delay
 28. Multicorner Timing Analysis Summary
 29. Progagation Delay
 30. Minimum Progagation Delay
 31. Board Trace Model Assignments
 32. Input Transition Times
 33. Slow Corner Signal Integrity Metrics
 34. Fast Corner Signal Integrity Metrics
 35. Clock Transfers
 36. Report TCCS
 37. Report RSKM
 38. Unconstrained Paths
 39. TimeQuest Timing Analyzer Messages



----------------
; Legal Notice ;
----------------
Copyright (C) 1991-2009 Altera Corporation
Your use of Altera Corporation's design tools, logic functions 
and other software and tools, and its AMPP partner logic 
functions, and any output files from any of the foregoing 
(including device programming or simulation files), and any 
associated documentation or information are expressly subject 
to the terms and conditions of the Altera Program License 
Subscription Agreement, Altera MegaCore Function License 
Agreement, or other applicable license agreement, including, 
without limitation, that your use is for the sole purpose of 
programming logic devices manufactured by Altera and sold by 
Altera or its authorized distributors.  Please refer to the 
applicable agreement for further details.



+----------------------------------------------------------------------+
; TimeQuest Timing Analyzer Summary                                    ;
+--------------------+-------------------------------------------------+
; Quartus II Version ; Version 9.0 Build 132 02/25/2009 SJ Web Edition ;
; Revision Name      ; BCD_Converter                                   ;
; Device Family      ; Cyclone III                                     ;
; Device Name        ; EP3C16F484C6                                    ;
; Timing Models      ; Final                                           ;
; Delay Model        ; Combined                                        ;
; Rise/Fall Delays   ; Enabled                                         ;
+--------------------+-------------------------------------------------+


Parallel compilation was disabled, but you have multiple processors available. Enable parallel compilation to reduce compilation time.
+-------------------------------------+
; Parallel Compilation                ;
+----------------------------+--------+
; Processors                 ; Number ;
+----------------------------+--------+
; Number detected on machine ; 4      ;
; Maximum allowed            ; 1      ;
+----------------------------+--------+


----------
; Clocks ;
----------
No clocks to report.


--------------------------------------
; Slow 1200mV 85C Model Fmax Summary ;
--------------------------------------
No paths to report.


---------------------------------------
; Slow 1200mV 85C Model Setup Summary ;
---------------------------------------
No paths to report.


--------------------------------------
; Slow 1200mV 85C Model Hold Summary ;
--------------------------------------
No paths to report.


------------------------------------------
; Slow 1200mV 85C Model Recovery Summary ;
------------------------------------------
No paths to report.


-----------------------------------------
; Slow 1200mV 85C Model Removal Summary ;
-----------------------------------------
No paths to report.


---------------------------------------------
; Slow 1200mV 85C Model Minimum Pulse Width ;
---------------------------------------------
Nothing to report.


+---------------------------------------------------------------------+
; Propagation Delay                                                   ;
+-------------------+-------------+--------+--------+--------+--------+
; Input Port        ; Output Port ; RR     ; RF     ; FR     ; FF     ;
+-------------------+-------------+--------+--------+--------+--------+
; Distance_input[0] ; unit[0]     ; 5.727  ;        ;        ; 6.083  ;
; Distance_input[1] ; tens[0]     ; 7.192  ; 7.180  ; 7.605  ; 7.605  ;
; Distance_input[1] ; unit[1]     ; 8.450  ; 8.541  ; 8.897  ; 8.931  ;
; Distance_input[1] ; unit[2]     ; 8.216  ; 8.274  ; 8.713  ; 8.627  ;
; Distance_input[1] ; unit[3]     ; 7.513  ; 7.516  ; 7.956  ; 7.934  ;
; Distance_input[2] ; hundreds[0] ; 7.793  ; 7.831  ; 8.320  ; 8.358  ;
; Distance_input[2] ; tens[0]     ; 7.883  ; 7.912  ; 8.410  ; 8.439  ;
; Distance_input[2] ; tens[1]     ; 8.832  ; 8.829  ; 9.359  ; 9.356  ;
; Distance_input[2] ; tens[2]     ; 10.131 ; 9.964  ; 10.658 ; 10.491 ;
; Distance_input[2] ; tens[3]     ; 8.844  ; 8.757  ; 9.371  ; 9.284  ;
; Distance_input[2] ; unit[1]     ; 9.160  ; 9.204  ; 9.687  ; 9.731  ;
; Distance_input[2] ; unit[2]     ; 8.918  ; 8.938  ; 9.432  ; 9.465  ;
; Distance_input[2] ; unit[3]     ; 8.163  ; 8.207  ; 8.656  ; 8.734  ;
; Distance_input[3] ; hundreds[0] ; 9.246  ; 9.296  ; 9.648  ; 9.698  ;
; Distance_input[3] ; hundreds[1] ; 7.518  ; 7.621  ; 7.920  ; 8.023  ;
; Distance_input[3] ; tens[0]     ; 8.505  ; 8.534  ; 8.883  ; 8.912  ;
; Distance_input[3] ; tens[1]     ; 10.278 ; 10.245 ; 10.680 ; 10.647 ;
; Distance_input[3] ; tens[2]     ; 11.657 ; 11.436 ; 12.059 ; 11.838 ;
; Distance_input[3] ; tens[3]     ; 10.308 ; 10.224 ; 10.710 ; 10.626 ;
; Distance_input[3] ; unit[1]     ; 9.782  ; 9.826  ; 10.160 ; 10.204 ;
; Distance_input[3] ; unit[2]     ; 9.527  ; 9.560  ; 9.905  ; 9.938  ;
; Distance_input[3] ; unit[3]     ; 8.759  ; 8.829  ; 9.135  ; 9.207  ;
; Distance_input[4] ; hundreds[0] ; 9.977  ; 10.017 ; 10.373 ; 10.413 ;
; Distance_input[4] ; hundreds[1] ; 8.296  ; 8.394  ; 8.692  ; 8.790  ;
; Distance_input[4] ; hundreds[2] ; 7.226  ;        ;        ; 7.625  ;
; Distance_input[4] ; tens[0]     ; 9.298  ; 9.327  ; 9.670  ; 9.691  ;
; Distance_input[4] ; tens[1]     ; 10.999 ; 10.976 ; 11.395 ; 11.372 ;
; Distance_input[4] ; tens[2]     ; 12.378 ; 12.167 ; 12.774 ; 12.563 ;
; Distance_input[4] ; tens[3]     ; 11.029 ; 10.953 ; 11.425 ; 11.349 ;
; Distance_input[4] ; unit[1]     ; 10.575 ; 10.619 ; 10.939 ; 10.990 ;
; Distance_input[4] ; unit[2]     ; 10.320 ; 10.353 ; 10.718 ; 10.717 ;
; Distance_input[4] ; unit[3]     ; 9.515  ; 9.622  ; 9.963  ; 9.986  ;
; Distance_input[5] ; hundreds[0] ; 10.405 ; 10.445 ; 10.828 ; 10.869 ;
; Distance_input[5] ; hundreds[1] ; 8.724  ; 8.822  ; 9.147  ; 9.245  ;
; Distance_input[5] ; hundreds[2] ; 7.073  ;        ;        ; 7.450  ;
; Distance_input[5] ; tens[0]     ; 9.736  ; 9.765  ; 10.164 ; 10.193 ;
; Distance_input[5] ; tens[1]     ; 11.427 ; 11.404 ; 11.851 ; 11.827 ;
; Distance_input[5] ; tens[2]     ; 12.806 ; 12.595 ; 13.230 ; 13.018 ;
; Distance_input[5] ; tens[3]     ; 11.457 ; 11.381 ; 11.881 ; 11.804 ;
; Distance_input[5] ; unit[1]     ; 11.013 ; 11.057 ; 11.441 ; 11.485 ;
; Distance_input[5] ; unit[2]     ; 10.758 ; 10.791 ; 11.186 ; 11.219 ;
; Distance_input[5] ; unit[3]     ; 10.001 ; 10.060 ; 10.429 ; 10.488 ;
; Distance_input[6] ; hundreds[0] ; 10.618 ; 10.659 ; 11.004 ; 11.044 ;
; Distance_input[6] ; hundreds[1] ; 8.937  ; 9.035  ; 9.323  ; 9.421  ;
; Distance_input[6] ; hundreds[2] ; 6.920  ;        ;        ; 7.295  ;
; Distance_input[6] ; tens[0]     ; 9.954  ; 9.983  ; 10.326 ; 10.355 ;
; Distance_input[6] ; tens[1]     ; 11.641 ; 11.617 ; 12.026 ; 12.003 ;
; Distance_input[6] ; tens[2]     ; 13.020 ; 12.808 ; 13.405 ; 13.194 ;
; Distance_input[6] ; tens[3]     ; 11.671 ; 11.594 ; 12.056 ; 11.980 ;
; Distance_input[6] ; unit[1]     ; 11.231 ; 11.275 ; 11.603 ; 11.647 ;
; Distance_input[6] ; unit[2]     ; 10.976 ; 11.009 ; 11.348 ; 11.381 ;
; Distance_input[6] ; unit[3]     ; 10.219 ; 10.278 ; 10.591 ; 10.650 ;
; Distance_input[7] ; hundreds[0] ; 10.372 ; 10.412 ; 10.785 ; 10.825 ;
; Distance_input[7] ; hundreds[1] ; 8.691  ; 8.789  ; 9.104  ; 9.202  ;
; Distance_input[7] ; hundreds[2] ; 6.960  ;        ;        ; 7.359  ;
; Distance_input[7] ; tens[0]     ; 9.706  ; 9.735  ; 10.110 ; 10.139 ;
; Distance_input[7] ; tens[1]     ; 11.394 ; 11.371 ; 11.807 ; 11.784 ;
; Distance_input[7] ; tens[2]     ; 12.773 ; 12.562 ; 13.186 ; 12.975 ;
; Distance_input[7] ; tens[3]     ; 11.424 ; 11.348 ; 11.837 ; 11.761 ;
; Distance_input[7] ; unit[1]     ; 10.983 ; 11.027 ; 11.387 ; 11.431 ;
; Distance_input[7] ; unit[2]     ; 10.728 ; 10.761 ; 11.132 ; 11.165 ;
; Distance_input[7] ; unit[3]     ; 9.971  ; 10.030 ; 10.375 ; 10.434 ;
; Distance_input[8] ; hundreds[0] ; 10.692 ; 10.733 ; 11.122 ; 11.162 ;
; Distance_input[8] ; hundreds[1] ; 9.011  ; 9.109  ; 9.441  ; 9.539  ;
; Distance_input[8] ; hundreds[2] ; 6.868  ;        ;        ; 7.259  ;
; Distance_input[8] ; tens[0]     ; 10.028 ; 10.057 ; 10.441 ; 10.470 ;
; Distance_input[8] ; tens[1]     ; 11.715 ; 11.691 ; 12.144 ; 12.121 ;
; Distance_input[8] ; tens[2]     ; 13.094 ; 12.882 ; 13.523 ; 13.312 ;
; Distance_input[8] ; tens[3]     ; 11.745 ; 11.668 ; 12.174 ; 12.098 ;
; Distance_input[8] ; unit[1]     ; 11.305 ; 11.349 ; 11.718 ; 11.762 ;
; Distance_input[8] ; unit[2]     ; 11.050 ; 11.083 ; 11.463 ; 11.496 ;
; Distance_input[8] ; unit[3]     ; 10.293 ; 10.352 ; 10.699 ; 10.765 ;
+-------------------+-------------+--------+--------+--------+--------+


+---------------------------------------------------------------------+
; Minimum Propagation Delay                                           ;
+-------------------+-------------+--------+--------+--------+--------+
; Input Port        ; Output Port ; RR     ; RF     ; FR     ; FF     ;
+-------------------+-------------+--------+--------+--------+--------+
; Distance_input[0] ; unit[0]     ; 5.604  ;        ;        ; 5.948  ;
; Distance_input[1] ; tens[0]     ; 7.016  ; 7.005  ; 7.418  ; 7.418  ;
; Distance_input[1] ; unit[1]     ; 8.168  ; 8.233  ; 8.575  ; 8.621  ;
; Distance_input[1] ; unit[2]     ; 7.987  ; 8.050  ; 8.468  ; 8.371  ;
; Distance_input[1] ; unit[3]     ; 7.327  ; 7.305  ; 7.730  ; 7.736  ;
; Distance_input[2] ; hundreds[0] ; 7.580  ; 7.609  ; 8.061  ; 8.090  ;
; Distance_input[2] ; tens[0]     ; 7.390  ; 7.405  ; 7.871  ; 7.886  ;
; Distance_input[2] ; tens[1]     ; 8.569  ; 8.559  ; 9.050  ; 9.040  ;
; Distance_input[2] ; tens[2]     ; 9.872  ; 9.701  ; 10.353 ; 10.182 ;
; Distance_input[2] ; tens[3]     ; 8.578  ; 8.501  ; 9.059  ; 8.982  ;
; Distance_input[2] ; unit[1]     ; 8.593  ; 8.658  ; 9.074  ; 9.170  ;
; Distance_input[2] ; unit[2]     ; 8.424  ; 8.399  ; 8.905  ; 8.880  ;
; Distance_input[2] ; unit[3]     ; 7.715  ; 7.679  ; 8.196  ; 8.160  ;
; Distance_input[3] ; hundreds[0] ; 7.546  ; 7.575  ; 7.909  ; 7.938  ;
; Distance_input[3] ; hundreds[1] ; 7.291  ; 7.325  ; 7.694  ; 7.728  ;
; Distance_input[3] ; tens[0]     ; 7.360  ; 7.375  ; 7.723  ; 7.738  ;
; Distance_input[3] ; tens[1]     ; 8.535  ; 8.525  ; 8.898  ; 8.888  ;
; Distance_input[3] ; tens[2]     ; 9.838  ; 9.667  ; 10.201 ; 10.030 ;
; Distance_input[3] ; tens[3]     ; 8.544  ; 8.467  ; 8.907  ; 8.830  ;
; Distance_input[3] ; unit[1]     ; 8.563  ; 8.640  ; 8.926  ; 9.034  ;
; Distance_input[3] ; unit[2]     ; 8.394  ; 8.369  ; 8.757  ; 8.732  ;
; Distance_input[3] ; unit[3]     ; 7.685  ; 7.649  ; 8.048  ; 8.012  ;
; Distance_input[4] ; hundreds[0] ; 8.105  ; 8.134  ; 8.518  ; 8.547  ;
; Distance_input[4] ; hundreds[1] ; 7.537  ; 7.608  ; 7.993  ; 8.062  ;
; Distance_input[4] ; hundreds[2] ; 6.979  ;        ;        ; 7.351  ;
; Distance_input[4] ; tens[0]     ; 7.919  ; 7.934  ; 8.332  ; 8.347  ;
; Distance_input[4] ; tens[1]     ; 9.094  ; 9.084  ; 9.507  ; 9.497  ;
; Distance_input[4] ; tens[2]     ; 10.397 ; 10.226 ; 10.810 ; 10.639 ;
; Distance_input[4] ; tens[3]     ; 9.103  ; 9.026  ; 9.516  ; 9.439  ;
; Distance_input[4] ; unit[1]     ; 9.122  ; 9.201  ; 9.535  ; 9.602  ;
; Distance_input[4] ; unit[2]     ; 8.953  ; 8.928  ; 9.366  ; 9.341  ;
; Distance_input[4] ; unit[3]     ; 8.244  ; 8.208  ; 8.657  ; 8.621  ;
; Distance_input[5] ; hundreds[0] ; 8.241  ; 8.272  ; 8.652  ; 8.683  ;
; Distance_input[5] ; hundreds[1] ; 7.564  ; 7.621  ; 7.987  ; 8.035  ;
; Distance_input[5] ; hundreds[2] ; 6.894  ;        ;        ; 7.259  ;
; Distance_input[5] ; tens[0]     ; 8.132  ; 8.147  ; 8.518  ; 8.533  ;
; Distance_input[5] ; tens[1]     ; 9.231  ; 9.223  ; 9.642  ; 9.634  ;
; Distance_input[5] ; tens[2]     ; 10.537 ; 10.368 ; 10.948 ; 10.788 ;
; Distance_input[5] ; tens[3]     ; 9.244  ; 9.168  ; 9.655  ; 9.579  ;
; Distance_input[5] ; unit[1]     ; 9.335  ; 9.419  ; 9.721  ; 9.836  ;
; Distance_input[5] ; unit[2]     ; 9.166  ; 9.141  ; 9.552  ; 9.527  ;
; Distance_input[5] ; unit[3]     ; 8.457  ; 8.421  ; 8.843  ; 8.807  ;
; Distance_input[6] ; hundreds[0] ; 8.342  ; 8.373  ; 8.750  ; 8.781  ;
; Distance_input[6] ; hundreds[1] ; 7.462  ; 7.532  ; 7.887  ; 7.964  ;
; Distance_input[6] ; hundreds[2] ; 6.750  ;        ;        ; 7.113  ;
; Distance_input[6] ; tens[0]     ; 8.259  ; 8.274  ; 8.672  ; 8.687  ;
; Distance_input[6] ; tens[1]     ; 9.332  ; 9.324  ; 9.740  ; 9.732  ;
; Distance_input[6] ; tens[2]     ; 10.638 ; 10.480 ; 11.046 ; 10.886 ;
; Distance_input[6] ; tens[3]     ; 9.345  ; 9.269  ; 9.753  ; 9.677  ;
; Distance_input[6] ; unit[1]     ; 9.462  ; 9.582  ; 9.875  ; 9.935  ;
; Distance_input[6] ; unit[2]     ; 9.293  ; 9.268  ; 9.706  ; 9.681  ;
; Distance_input[6] ; unit[3]     ; 8.584  ; 8.548  ; 8.997  ; 8.961  ;
; Distance_input[7] ; hundreds[0] ; 8.209  ; 8.240  ; 8.598  ; 8.629  ;
; Distance_input[7] ; hundreds[1] ; 7.464  ; 7.534  ; 7.889  ; 7.966  ;
; Distance_input[7] ; hundreds[2] ; 6.752  ;        ;        ; 7.115  ;
; Distance_input[7] ; tens[0]     ; 8.101  ; 8.116  ; 8.502  ; 8.517  ;
; Distance_input[7] ; tens[1]     ; 9.199  ; 9.191  ; 9.588  ; 9.580  ;
; Distance_input[7] ; tens[2]     ; 10.505 ; 10.336 ; 10.894 ; 10.734 ;
; Distance_input[7] ; tens[3]     ; 9.212  ; 9.136  ; 9.601  ; 9.525  ;
; Distance_input[7] ; unit[1]     ; 9.304  ; 9.390  ; 9.705  ; 9.782  ;
; Distance_input[7] ; unit[2]     ; 9.135  ; 9.110  ; 9.536  ; 9.511  ;
; Distance_input[7] ; unit[3]     ; 8.426  ; 8.390  ; 8.827  ; 8.791  ;
; Distance_input[8] ; hundreds[0] ; 7.894  ; 7.925  ; 8.342  ; 8.373  ;
; Distance_input[8] ; hundreds[1] ; 7.215  ; 7.271  ; 7.619  ; 7.689  ;
; Distance_input[8] ; hundreds[2] ; 6.697  ;        ;        ; 7.076  ;
; Distance_input[8] ; tens[0]     ; 8.328  ; 8.343  ; 8.773  ; 8.797  ;
; Distance_input[8] ; tens[1]     ; 8.884  ; 8.876  ; 9.332  ; 9.324  ;
; Distance_input[8] ; tens[2]     ; 10.190 ; 10.030 ; 10.638 ; 10.469 ;
; Distance_input[8] ; tens[3]     ; 8.897  ; 8.821  ; 9.345  ; 9.269  ;
; Distance_input[8] ; unit[1]     ; 9.531  ; 9.646  ; 9.986  ; 10.028 ;
; Distance_input[8] ; unit[2]     ; 9.362  ; 9.337  ; 9.817  ; 9.783  ;
; Distance_input[8] ; unit[3]     ; 8.653  ; 8.617  ; 9.107  ; 9.062  ;
+-------------------+-------------+--------+--------+--------+--------+


-------------------------------------
; Slow 1200mV 0C Model Fmax Summary ;
-------------------------------------
No paths to report.


--------------------------------------
; Slow 1200mV 0C Model Setup Summary ;
--------------------------------------
No paths to report.


-------------------------------------
; Slow 1200mV 0C Model Hold Summary ;
-------------------------------------
No paths to report.


-----------------------------------------
; Slow 1200mV 0C Model Recovery Summary ;
-----------------------------------------
No paths to report.


----------------------------------------
; Slow 1200mV 0C Model Removal Summary ;
----------------------------------------
No paths to report.


--------------------------------------------
; Slow 1200mV 0C Model Minimum Pulse Width ;
--------------------------------------------
Nothing to report.


+---------------------------------------------------------------------+
; Propagation Delay                                                   ;
+-------------------+-------------+--------+--------+--------+--------+
; Input Port        ; Output Port ; RR     ; RF     ; FR     ; FF     ;
+-------------------+-------------+--------+--------+--------+--------+
; Distance_input[0] ; unit[0]     ; 5.321  ;        ;        ; 5.603  ;
; Distance_input[1] ; tens[0]     ; 6.641  ; 6.664  ; 6.985  ; 7.025  ;
; Distance_input[1] ; unit[1]     ; 7.826  ; 7.801  ; 8.200  ; 8.128  ;
; Distance_input[1] ; unit[2]     ; 7.625  ; 7.618  ; 8.044  ; 7.910  ;
; Distance_input[1] ; unit[3]     ; 6.970  ; 6.932  ; 7.347  ; 7.282  ;
; Distance_input[2] ; hundreds[0] ; 7.185  ; 7.284  ; 7.612  ; 7.711  ;
; Distance_input[2] ; tens[0]     ; 7.271  ; 7.334  ; 7.698  ; 7.761  ;
; Distance_input[2] ; tens[1]     ; 8.077  ; 8.170  ; 8.504  ; 8.597  ;
; Distance_input[2] ; tens[2]     ; 9.375  ; 9.317  ; 9.802  ; 9.744  ;
; Distance_input[2] ; tens[3]     ; 8.198  ; 8.044  ; 8.625  ; 8.471  ;
; Distance_input[2] ; unit[1]     ; 8.471  ; 8.406  ; 8.898  ; 8.833  ;
; Distance_input[2] ; unit[2]     ; 8.272  ; 8.225  ; 8.679  ; 8.652  ;
; Distance_input[2] ; unit[3]     ; 7.573  ; 7.565  ; 7.970  ; 7.992  ;
; Distance_input[3] ; hundreds[0] ; 8.484  ; 8.574  ; 8.811  ; 8.901  ;
; Distance_input[3] ; hundreds[1] ; 6.912  ; 7.025  ; 7.252  ; 7.352  ;
; Distance_input[3] ; tens[0]     ; 7.813  ; 7.876  ; 8.127  ; 8.190  ;
; Distance_input[3] ; tens[1]     ; 9.352  ; 9.439  ; 9.679  ; 9.766  ;
; Distance_input[3] ; tens[2]     ; 10.722 ; 10.636 ; 11.049 ; 10.963 ;
; Distance_input[3] ; tens[3]     ; 9.488  ; 9.356  ; 9.815  ; 9.683  ;
; Distance_input[3] ; unit[1]     ; 9.013  ; 8.948  ; 9.327  ; 9.262  ;
; Distance_input[3] ; unit[2]     ; 8.794  ; 8.767  ; 9.108  ; 9.081  ;
; Distance_input[3] ; unit[3]     ; 8.093  ; 8.107  ; 8.403  ; 8.421  ;
; Distance_input[4] ; hundreds[0] ; 9.124  ; 9.224  ; 9.453  ; 9.536  ;
; Distance_input[4] ; hundreds[1] ; 7.591  ; 7.702  ; 7.920  ; 8.031  ;
; Distance_input[4] ; hundreds[2] ; 6.697  ;        ;        ; 6.982  ;
; Distance_input[4] ; tens[0]     ; 8.514  ; 8.577  ; 8.850  ; 8.877  ;
; Distance_input[4] ; tens[1]     ; 10.002 ; 10.079 ; 10.314 ; 10.408 ;
; Distance_input[4] ; tens[2]     ; 11.372 ; 11.276 ; 11.684 ; 11.605 ;
; Distance_input[4] ; tens[3]     ; 10.138 ; 9.996  ; 10.450 ; 10.325 ;
; Distance_input[4] ; unit[1]     ; 9.714  ; 9.649  ; 10.014 ; 9.984  ;
; Distance_input[4] ; unit[2]     ; 9.495  ; 9.468  ; 9.858  ; 9.768  ;
; Distance_input[4] ; unit[3]     ; 8.785  ; 8.808  ; 9.159  ; 9.108  ;
; Distance_input[5] ; hundreds[0] ; 9.511  ; 9.618  ; 9.860  ; 9.972  ;
; Distance_input[5] ; hundreds[1] ; 7.978  ; 8.089  ; 8.328  ; 8.434  ;
; Distance_input[5] ; hundreds[2] ; 6.562  ;        ;        ; 6.824  ;
; Distance_input[5] ; tens[0]     ; 8.913  ; 8.971  ; 9.267  ; 9.325  ;
; Distance_input[5] ; tens[1]     ; 10.396 ; 10.466 ; 10.750 ; 10.815 ;
; Distance_input[5] ; tens[2]     ; 11.766 ; 11.663 ; 12.120 ; 12.012 ;
; Distance_input[5] ; tens[3]     ; 10.532 ; 10.383 ; 10.886 ; 10.735 ;
; Distance_input[5] ; unit[1]     ; 10.108 ; 10.047 ; 10.462 ; 10.401 ;
; Distance_input[5] ; unit[2]     ; 9.921  ; 9.862  ; 10.275 ; 10.216 ;
; Distance_input[5] ; unit[3]     ; 9.222  ; 9.202  ; 9.576  ; 9.556  ;
; Distance_input[6] ; hundreds[0] ; 9.685  ; 9.797  ; 10.009 ; 10.109 ;
; Distance_input[6] ; hundreds[1] ; 8.153  ; 8.259  ; 8.476  ; 8.587  ;
; Distance_input[6] ; hundreds[2] ; 6.401  ;        ;        ; 6.681  ;
; Distance_input[6] ; tens[0]     ; 9.092  ; 9.150  ; 9.404  ; 9.462  ;
; Distance_input[6] ; tens[1]     ; 10.575 ; 10.640 ; 10.887 ; 10.964 ;
; Distance_input[6] ; tens[2]     ; 11.945 ; 11.837 ; 12.257 ; 12.161 ;
; Distance_input[6] ; tens[3]     ; 10.711 ; 10.560 ; 11.023 ; 10.881 ;
; Distance_input[6] ; unit[1]     ; 10.287 ; 10.226 ; 10.599 ; 10.538 ;
; Distance_input[6] ; unit[2]     ; 10.100 ; 10.041 ; 10.412 ; 10.353 ;
; Distance_input[6] ; unit[3]     ; 9.401  ; 9.381  ; 9.713  ; 9.693  ;
; Distance_input[7] ; hundreds[0] ; 9.483  ; 9.592  ; 9.823  ; 9.924  ;
; Distance_input[7] ; hundreds[1] ; 7.950  ; 8.061  ; 8.290  ; 8.401  ;
; Distance_input[7] ; hundreds[2] ; 6.454  ;        ;        ; 6.744  ;
; Distance_input[7] ; tens[0]     ; 8.887  ; 8.945  ; 9.219  ; 9.277  ;
; Distance_input[7] ; tens[1]     ; 10.370 ; 10.438 ; 10.702 ; 10.778 ;
; Distance_input[7] ; tens[2]     ; 11.740 ; 11.635 ; 12.072 ; 11.975 ;
; Distance_input[7] ; tens[3]     ; 10.506 ; 10.355 ; 10.838 ; 10.695 ;
; Distance_input[7] ; unit[1]     ; 10.082 ; 10.021 ; 10.414 ; 10.353 ;
; Distance_input[7] ; unit[2]     ; 9.895  ; 9.836  ; 10.227 ; 10.168 ;
; Distance_input[7] ; unit[3]     ; 9.196  ; 9.176  ; 9.528  ; 9.508  ;
; Distance_input[8] ; hundreds[0] ; 9.767  ; 9.879  ; 10.113 ; 10.213 ;
; Distance_input[8] ; hundreds[1] ; 8.235  ; 8.341  ; 8.580  ; 8.691  ;
; Distance_input[8] ; hundreds[2] ; 6.374  ;        ;        ; 6.655  ;
; Distance_input[8] ; tens[0]     ; 9.174  ; 9.232  ; 9.503  ; 9.566  ;
; Distance_input[8] ; tens[1]     ; 10.657 ; 10.722 ; 10.991 ; 11.068 ;
; Distance_input[8] ; tens[2]     ; 12.027 ; 11.919 ; 12.361 ; 12.265 ;
; Distance_input[8] ; tens[3]     ; 10.793 ; 10.642 ; 11.127 ; 10.985 ;
; Distance_input[8] ; unit[1]     ; 10.369 ; 10.308 ; 10.703 ; 10.638 ;
; Distance_input[8] ; unit[2]     ; 10.182 ; 10.123 ; 10.509 ; 10.457 ;
; Distance_input[8] ; unit[3]     ; 9.483  ; 9.463  ; 9.810  ; 9.797  ;
+-------------------+-------------+--------+--------+--------+--------+


+-------------------------------------------------------------------+
; Minimum Propagation Delay                                         ;
+-------------------+-------------+-------+-------+--------+--------+
; Input Port        ; Output Port ; RR    ; RF    ; FR     ; FF     ;
+-------------------+-------------+-------+-------+--------+--------+
; Distance_input[0] ; unit[0]     ; 5.217 ;       ;        ; 5.490  ;
; Distance_input[1] ; tens[0]     ; 6.490 ; 6.514 ; 6.826  ; 6.865  ;
; Distance_input[1] ; unit[1]     ; 7.578 ; 7.537 ; 7.920  ; 7.860  ;
; Distance_input[1] ; unit[2]     ; 7.424 ; 7.426 ; 7.834  ; 7.691  ;
; Distance_input[1] ; unit[3]     ; 6.808 ; 6.753 ; 7.152  ; 7.113  ;
; Distance_input[2] ; hundreds[0] ; 7.009 ; 7.097 ; 7.397  ; 7.485  ;
; Distance_input[2] ; tens[0]     ; 6.844 ; 6.896 ; 7.231  ; 7.283  ;
; Distance_input[2] ; tens[1]     ; 7.855 ; 7.940 ; 8.243  ; 8.328  ;
; Distance_input[2] ; tens[2]     ; 9.159 ; 9.093 ; 9.547  ; 9.481  ;
; Distance_input[2] ; tens[3]     ; 7.971 ; 7.829 ; 8.359  ; 8.217  ;
; Distance_input[2] ; unit[1]     ; 7.976 ; 7.925 ; 8.363  ; 8.340  ;
; Distance_input[2] ; unit[2]     ; 7.835 ; 7.755 ; 8.222  ; 8.142  ;
; Distance_input[2] ; unit[3]     ; 7.181 ; 7.107 ; 7.568  ; 7.494  ;
; Distance_input[3] ; hundreds[0] ; 6.980 ; 7.068 ; 7.282  ; 7.370  ;
; Distance_input[3] ; hundreds[1] ; 6.741 ; 6.804 ; 7.059  ; 7.135  ;
; Distance_input[3] ; tens[0]     ; 6.819 ; 6.871 ; 7.121  ; 7.173  ;
; Distance_input[3] ; tens[1]     ; 7.826 ; 7.911 ; 8.128  ; 8.213  ;
; Distance_input[3] ; tens[2]     ; 9.130 ; 9.064 ; 9.432  ; 9.366  ;
; Distance_input[3] ; tens[3]     ; 7.942 ; 7.800 ; 8.244  ; 8.102  ;
; Distance_input[3] ; unit[1]     ; 7.951 ; 7.903 ; 8.253  ; 8.233  ;
; Distance_input[3] ; unit[2]     ; 7.810 ; 7.730 ; 8.112  ; 8.032  ;
; Distance_input[3] ; unit[3]     ; 7.156 ; 7.082 ; 7.458  ; 7.384  ;
; Distance_input[4] ; hundreds[0] ; 7.489 ; 7.577 ; 7.817  ; 7.905  ;
; Distance_input[4] ; hundreds[1] ; 6.955 ; 7.048 ; 7.338  ; 7.431  ;
; Distance_input[4] ; hundreds[2] ; 6.479 ;       ;        ; 6.744  ;
; Distance_input[4] ; tens[0]     ; 7.325 ; 7.383 ; 7.653  ; 7.711  ;
; Distance_input[4] ; tens[1]     ; 8.335 ; 8.420 ; 8.663  ; 8.748  ;
; Distance_input[4] ; tens[2]     ; 9.638 ; 9.573 ; 9.966  ; 9.901  ;
; Distance_input[4] ; tens[3]     ; 8.451 ; 8.308 ; 8.779  ; 8.636  ;
; Distance_input[4] ; unit[1]     ; 8.464 ; 8.402 ; 8.806  ; 8.730  ;
; Distance_input[4] ; unit[2]     ; 8.323 ; 8.238 ; 8.652  ; 8.566  ;
; Distance_input[4] ; unit[3]     ; 7.669 ; 7.589 ; 7.997  ; 7.917  ;
; Distance_input[5] ; hundreds[0] ; 7.594 ; 7.684 ; 7.934  ; 8.024  ;
; Distance_input[5] ; hundreds[1] ; 6.988 ; 7.065 ; 7.322  ; 7.393  ;
; Distance_input[5] ; hundreds[2] ; 6.406 ;       ;        ; 6.661  ;
; Distance_input[5] ; tens[0]     ; 7.518 ; 7.576 ; 7.848  ; 7.900  ;
; Distance_input[5] ; tens[1]     ; 8.441 ; 8.528 ; 8.781  ; 8.868  ;
; Distance_input[5] ; tens[2]     ; 9.747 ; 9.683 ; 10.087 ; 10.029 ;
; Distance_input[5] ; tens[3]     ; 8.561 ; 8.419 ; 8.901  ; 8.759  ;
; Distance_input[5] ; unit[1]     ; 8.664 ; 8.595 ; 8.980  ; 8.939  ;
; Distance_input[5] ; unit[2]     ; 8.517 ; 8.431 ; 8.839  ; 8.759  ;
; Distance_input[5] ; unit[3]     ; 7.862 ; 7.782 ; 8.185  ; 8.111  ;
; Distance_input[6] ; hundreds[0] ; 7.667 ; 7.757 ; 8.014  ; 8.104  ;
; Distance_input[6] ; hundreds[1] ; 6.877 ; 6.970 ; 7.235  ; 7.328  ;
; Distance_input[6] ; hundreds[2] ; 6.256 ;       ;        ; 6.526  ;
; Distance_input[6] ; tens[0]     ; 7.634 ; 7.686 ; 7.945  ; 8.003  ;
; Distance_input[6] ; tens[1]     ; 8.514 ; 8.601 ; 8.861  ; 8.948  ;
; Distance_input[6] ; tens[2]     ; 9.820 ; 9.771 ; 10.167 ; 10.109 ;
; Distance_input[6] ; tens[3]     ; 8.634 ; 8.492 ; 8.981  ; 8.839  ;
; Distance_input[6] ; unit[1]     ; 8.766 ; 8.729 ; 9.112  ; 9.022  ;
; Distance_input[6] ; unit[2]     ; 8.625 ; 8.545 ; 8.944  ; 8.858  ;
; Distance_input[6] ; unit[3]     ; 7.971 ; 7.897 ; 8.289  ; 8.209  ;
; Distance_input[7] ; hundreds[0] ; 7.568 ; 7.658 ; 7.889  ; 7.979  ;
; Distance_input[7] ; hundreds[1] ; 6.896 ; 6.989 ; 7.243  ; 7.336  ;
; Distance_input[7] ; hundreds[2] ; 6.275 ;       ;        ; 6.534  ;
; Distance_input[7] ; tens[0]     ; 7.494 ; 7.552 ; 7.819  ; 7.877  ;
; Distance_input[7] ; tens[1]     ; 8.415 ; 8.502 ; 8.736  ; 8.823  ;
; Distance_input[7] ; tens[2]     ; 9.721 ; 9.657 ; 10.042 ; 9.984  ;
; Distance_input[7] ; tens[3]     ; 8.535 ; 8.393 ; 8.856  ; 8.714  ;
; Distance_input[7] ; unit[1]     ; 8.638 ; 8.571 ; 8.969  ; 8.896  ;
; Distance_input[7] ; unit[2]     ; 8.493 ; 8.407 ; 8.818  ; 8.732  ;
; Distance_input[7] ; unit[3]     ; 7.838 ; 7.758 ; 8.163  ; 8.083  ;
; Distance_input[8] ; hundreds[0] ; 7.292 ; 7.382 ; 7.646  ; 7.736  ;
; Distance_input[8] ; hundreds[1] ; 6.668 ; 6.743 ; 6.997  ; 7.086  ;
; Distance_input[8] ; hundreds[2] ; 6.227 ;       ;        ; 6.499  ;
; Distance_input[8] ; tens[0]     ; 7.709 ; 7.761 ; 8.029  ; 8.087  ;
; Distance_input[8] ; tens[1]     ; 8.139 ; 8.226 ; 8.493  ; 8.580  ;
; Distance_input[8] ; tens[2]     ; 9.445 ; 9.387 ; 9.799  ; 9.735  ;
; Distance_input[8] ; tens[3]     ; 8.259 ; 8.117 ; 8.613  ; 8.471  ;
; Distance_input[8] ; unit[1]     ; 8.841 ; 8.797 ; 9.208  ; 9.106  ;
; Distance_input[8] ; unit[2]     ; 8.700 ; 8.620 ; 9.028  ; 8.942  ;
; Distance_input[8] ; unit[3]     ; 8.046 ; 7.972 ; 8.373  ; 8.293  ;
+-------------------+-------------+-------+-------+--------+--------+


--------------------------------------
; Fast 1200mV 0C Model Setup Summary ;
--------------------------------------
No paths to report.


-------------------------------------
; Fast 1200mV 0C Model Hold Summary ;
-------------------------------------
No paths to report.


-----------------------------------------
; Fast 1200mV 0C Model Recovery Summary ;
-----------------------------------------
No paths to report.


----------------------------------------
; Fast 1200mV 0C Model Removal Summary ;
----------------------------------------
No paths to report.


--------------------------------------------
; Fast 1200mV 0C Model Minimum Pulse Width ;
--------------------------------------------
Nothing to report.


+-----------------------------------------------------------------+
; Propagation Delay                                               ;
+-------------------+-------------+-------+-------+-------+-------+
; Input Port        ; Output Port ; RR    ; RF    ; FR    ; FF    ;
+-------------------+-------------+-------+-------+-------+-------+
; Distance_input[0] ; unit[0]     ; 3.391 ;       ;       ; 3.944 ;
; Distance_input[1] ; tens[0]     ; 4.267 ; 4.233 ; 4.868 ; 4.838 ;
; Distance_input[1] ; unit[1]     ; 4.966 ; 5.105 ; 5.584 ; 5.683 ;
; Distance_input[1] ; unit[2]     ; 4.839 ; 4.973 ; 5.486 ; 5.535 ;
; Distance_input[1] ; unit[3]     ; 4.445 ; 4.502 ; 5.060 ; 5.098 ;
; Distance_input[2] ; hundreds[0] ; 4.680 ; 4.664 ; 5.331 ; 5.315 ;
; Distance_input[2] ; tens[0]     ; 4.710 ; 4.702 ; 5.360 ; 5.352 ;
; Distance_input[2] ; tens[1]     ; 5.323 ; 5.201 ; 5.974 ; 5.852 ;
; Distance_input[2] ; tens[2]     ; 6.285 ; 6.077 ; 6.936 ; 6.728 ;
; Distance_input[2] ; tens[3]     ; 5.155 ; 5.293 ; 5.806 ; 5.944 ;
; Distance_input[2] ; unit[1]     ; 5.423 ; 5.529 ; 6.073 ; 6.179 ;
; Distance_input[2] ; unit[2]     ; 5.280 ; 5.395 ; 5.930 ; 6.045 ;
; Distance_input[2] ; unit[3]     ; 4.848 ; 4.938 ; 5.479 ; 5.588 ;
; Distance_input[3] ; hundreds[0] ; 5.485 ; 5.487 ; 6.071 ; 6.073 ;
; Distance_input[3] ; hundreds[1] ; 4.437 ; 4.451 ; 5.023 ; 5.037 ;
; Distance_input[3] ; tens[0]     ; 5.016 ; 5.008 ; 5.581 ; 5.573 ;
; Distance_input[3] ; tens[1]     ; 6.127 ; 5.958 ; 6.713 ; 6.544 ;
; Distance_input[3] ; tens[2]     ; 7.134 ; 6.899 ; 7.720 ; 7.485 ;
; Distance_input[3] ; tens[3]     ; 5.981 ; 6.115 ; 6.567 ; 6.701 ;
; Distance_input[3] ; unit[1]     ; 5.729 ; 5.835 ; 6.294 ; 6.400 ;
; Distance_input[3] ; unit[2]     ; 5.586 ; 5.701 ; 6.151 ; 6.266 ;
; Distance_input[3] ; unit[3]     ; 5.149 ; 5.244 ; 5.714 ; 5.809 ;
; Distance_input[4] ; hundreds[0] ; 5.887 ; 5.889 ; 6.468 ; 6.470 ;
; Distance_input[4] ; hundreds[1] ; 4.871 ; 4.882 ; 5.452 ; 5.463 ;
; Distance_input[4] ; hundreds[2] ; 4.192 ;       ;       ; 4.836 ;
; Distance_input[4] ; tens[0]     ; 5.454 ; 5.446 ; 6.019 ; 6.011 ;
; Distance_input[4] ; tens[1]     ; 6.529 ; 6.367 ; 7.110 ; 6.948 ;
; Distance_input[4] ; tens[2]     ; 7.536 ; 7.301 ; 8.117 ; 7.882 ;
; Distance_input[4] ; tens[3]     ; 6.383 ; 6.517 ; 6.964 ; 7.098 ;
; Distance_input[4] ; unit[1]     ; 6.167 ; 6.273 ; 6.732 ; 6.838 ;
; Distance_input[4] ; unit[2]     ; 6.024 ; 6.139 ; 6.589 ; 6.704 ;
; Distance_input[4] ; unit[3]     ; 5.564 ; 5.682 ; 6.129 ; 6.247 ;
; Distance_input[5] ; hundreds[0] ; 6.129 ; 6.131 ; 6.721 ; 6.723 ;
; Distance_input[5] ; hundreds[1] ; 5.111 ; 5.122 ; 5.703 ; 5.714 ;
; Distance_input[5] ; hundreds[2] ; 4.110 ;       ;       ; 4.741 ;
; Distance_input[5] ; tens[0]     ; 5.704 ; 5.696 ; 6.296 ; 6.288 ;
; Distance_input[5] ; tens[1]     ; 6.771 ; 6.607 ; 7.363 ; 7.199 ;
; Distance_input[5] ; tens[2]     ; 7.778 ; 7.543 ; 8.370 ; 8.135 ;
; Distance_input[5] ; tens[3]     ; 6.625 ; 6.759 ; 7.217 ; 7.351 ;
; Distance_input[5] ; unit[1]     ; 6.417 ; 6.523 ; 7.009 ; 7.115 ;
; Distance_input[5] ; unit[2]     ; 6.274 ; 6.389 ; 6.866 ; 6.981 ;
; Distance_input[5] ; unit[3]     ; 5.814 ; 5.932 ; 6.406 ; 6.524 ;
; Distance_input[6] ; hundreds[0] ; 6.231 ; 6.233 ; 6.802 ; 6.804 ;
; Distance_input[6] ; hundreds[1] ; 5.213 ; 5.224 ; 5.786 ; 5.797 ;
; Distance_input[6] ; hundreds[2] ; 4.021 ;       ;       ; 4.645 ;
; Distance_input[6] ; tens[0]     ; 5.806 ; 5.798 ; 6.376 ; 6.368 ;
; Distance_input[6] ; tens[1]     ; 6.873 ; 6.709 ; 7.444 ; 7.282 ;
; Distance_input[6] ; tens[2]     ; 7.880 ; 7.645 ; 8.451 ; 8.216 ;
; Distance_input[6] ; tens[3]     ; 6.727 ; 6.861 ; 7.298 ; 7.432 ;
; Distance_input[6] ; unit[1]     ; 6.519 ; 6.625 ; 7.089 ; 7.195 ;
; Distance_input[6] ; unit[2]     ; 6.376 ; 6.491 ; 6.946 ; 7.061 ;
; Distance_input[6] ; unit[3]     ; 5.916 ; 6.034 ; 6.486 ; 6.604 ;
; Distance_input[7] ; hundreds[0] ; 6.120 ; 6.122 ; 6.708 ; 6.710 ;
; Distance_input[7] ; hundreds[1] ; 5.102 ; 5.113 ; 5.690 ; 5.701 ;
; Distance_input[7] ; hundreds[2] ; 4.067 ;       ;       ; 4.710 ;
; Distance_input[7] ; tens[0]     ; 5.695 ; 5.687 ; 6.283 ; 6.275 ;
; Distance_input[7] ; tens[1]     ; 6.762 ; 6.598 ; 7.350 ; 7.186 ;
; Distance_input[7] ; tens[2]     ; 7.769 ; 7.534 ; 8.357 ; 8.122 ;
; Distance_input[7] ; tens[3]     ; 6.616 ; 6.750 ; 7.204 ; 7.338 ;
; Distance_input[7] ; unit[1]     ; 6.408 ; 6.514 ; 6.996 ; 7.102 ;
; Distance_input[7] ; unit[2]     ; 6.265 ; 6.380 ; 6.853 ; 6.968 ;
; Distance_input[7] ; unit[3]     ; 5.805 ; 5.923 ; 6.393 ; 6.511 ;
; Distance_input[8] ; hundreds[0] ; 6.298 ; 6.300 ; 6.899 ; 6.901 ;
; Distance_input[8] ; hundreds[1] ; 5.280 ; 5.291 ; 5.883 ; 5.894 ;
; Distance_input[8] ; hundreds[2] ; 4.013 ;       ;       ; 4.655 ;
; Distance_input[8] ; tens[0]     ; 5.873 ; 5.865 ; 6.470 ; 6.462 ;
; Distance_input[8] ; tens[1]     ; 6.940 ; 6.776 ; 7.541 ; 7.379 ;
; Distance_input[8] ; tens[2]     ; 7.947 ; 7.712 ; 8.548 ; 8.313 ;
; Distance_input[8] ; tens[3]     ; 6.794 ; 6.928 ; 7.395 ; 7.529 ;
; Distance_input[8] ; unit[1]     ; 6.586 ; 6.692 ; 7.183 ; 7.289 ;
; Distance_input[8] ; unit[2]     ; 6.443 ; 6.558 ; 7.040 ; 7.155 ;
; Distance_input[8] ; unit[3]     ; 5.983 ; 6.101 ; 6.580 ; 6.698 ;
+-------------------+-------------+-------+-------+-------+-------+


+-----------------------------------------------------------------+
; Minimum Propagation Delay                                       ;
+-------------------+-------------+-------+-------+-------+-------+
; Input Port        ; Output Port ; RR    ; RF    ; FR    ; FF    ;
+-------------------+-------------+-------+-------+-------+-------+
; Distance_input[0] ; unit[0]     ; 3.317 ;       ;       ; 3.865 ;
; Distance_input[1] ; tens[0]     ; 4.164 ; 4.133 ; 4.758 ; 4.731 ;
; Distance_input[1] ; unit[1]     ; 4.801 ; 4.924 ; 5.392 ; 5.504 ;
; Distance_input[1] ; unit[2]     ; 4.709 ; 4.839 ; 5.345 ; 5.381 ;
; Distance_input[1] ; unit[3]     ; 4.338 ; 4.376 ; 4.926 ; 4.980 ;
; Distance_input[2] ; hundreds[0] ; 4.553 ; 4.531 ; 5.174 ; 5.152 ;
; Distance_input[2] ; tens[0]     ; 4.423 ; 4.399 ; 5.042 ; 5.018 ;
; Distance_input[2] ; tens[1]     ; 5.159 ; 5.035 ; 5.780 ; 5.656 ;
; Distance_input[2] ; tens[2]     ; 6.129 ; 5.918 ; 6.750 ; 6.539 ;
; Distance_input[2] ; tens[3]     ; 4.998 ; 5.139 ; 5.619 ; 5.760 ;
; Distance_input[2] ; unit[1]     ; 5.081 ; 5.215 ; 5.700 ; 5.854 ;
; Distance_input[2] ; unit[2]     ; 4.994 ; 5.081 ; 5.613 ; 5.700 ;
; Distance_input[2] ; unit[3]     ; 4.593 ; 4.632 ; 5.212 ; 5.251 ;
; Distance_input[3] ; hundreds[0] ; 4.474 ; 4.452 ; 5.026 ; 5.004 ;
; Distance_input[3] ; hundreds[1] ; 4.276 ; 4.249 ; 4.859 ; 4.832 ;
; Distance_input[3] ; tens[0]     ; 4.348 ; 4.324 ; 4.900 ; 4.876 ;
; Distance_input[3] ; tens[1]     ; 5.080 ; 4.956 ; 5.632 ; 5.508 ;
; Distance_input[3] ; tens[2]     ; 6.050 ; 5.839 ; 6.602 ; 6.391 ;
; Distance_input[3] ; tens[3]     ; 4.919 ; 5.060 ; 5.471 ; 5.612 ;
; Distance_input[3] ; unit[1]     ; 5.006 ; 5.157 ; 5.558 ; 5.729 ;
; Distance_input[3] ; unit[2]     ; 4.919 ; 5.006 ; 5.471 ; 5.558 ;
; Distance_input[3] ; unit[3]     ; 4.518 ; 4.557 ; 5.070 ; 5.109 ;
; Distance_input[4] ; hundreds[0] ; 4.762 ; 4.740 ; 5.355 ; 5.333 ;
; Distance_input[4] ; hundreds[1] ; 4.401 ; 4.388 ; 5.012 ; 4.999 ;
; Distance_input[4] ; hundreds[2] ; 4.051 ;       ;       ; 4.678 ;
; Distance_input[4] ; tens[0]     ; 4.636 ; 4.612 ; 5.229 ; 5.205 ;
; Distance_input[4] ; tens[1]     ; 5.368 ; 5.244 ; 5.961 ; 5.837 ;
; Distance_input[4] ; tens[2]     ; 6.338 ; 6.127 ; 6.931 ; 6.720 ;
; Distance_input[4] ; tens[3]     ; 5.207 ; 5.348 ; 5.800 ; 5.941 ;
; Distance_input[4] ; unit[1]     ; 5.294 ; 5.467 ; 5.887 ; 6.051 ;
; Distance_input[4] ; unit[2]     ; 5.207 ; 5.294 ; 5.800 ; 5.887 ;
; Distance_input[4] ; unit[3]     ; 4.806 ; 4.845 ; 5.399 ; 5.438 ;
; Distance_input[5] ; hundreds[0] ; 4.857 ; 4.840 ; 5.433 ; 5.416 ;
; Distance_input[5] ; hundreds[1] ; 4.401 ; 4.393 ; 5.012 ; 5.004 ;
; Distance_input[5] ; hundreds[2] ; 4.007 ;       ;       ; 4.629 ;
; Distance_input[5] ; tens[0]     ; 4.751 ; 4.727 ; 5.318 ; 5.294 ;
; Distance_input[5] ; tens[1]     ; 5.466 ; 5.347 ; 6.042 ; 5.923 ;
; Distance_input[5] ; tens[2]     ; 6.434 ; 6.235 ; 7.010 ; 6.809 ;
; Distance_input[5] ; tens[3]     ; 5.314 ; 5.451 ; 5.889 ; 6.027 ;
; Distance_input[5] ; unit[1]     ; 5.409 ; 5.582 ; 5.976 ; 6.149 ;
; Distance_input[5] ; unit[2]     ; 5.322 ; 5.409 ; 5.889 ; 5.976 ;
; Distance_input[5] ; unit[3]     ; 4.921 ; 4.960 ; 5.488 ; 5.527 ;
; Distance_input[6] ; hundreds[0] ; 4.883 ; 4.866 ; 5.479 ; 5.462 ;
; Distance_input[6] ; hundreds[1] ; 4.340 ; 4.327 ; 4.946 ; 4.933 ;
; Distance_input[6] ; hundreds[2] ; 3.923 ;       ;       ; 4.539 ;
; Distance_input[6] ; tens[0]     ; 4.802 ; 4.778 ; 5.405 ; 5.381 ;
; Distance_input[6] ; tens[1]     ; 5.492 ; 5.373 ; 6.088 ; 5.969 ;
; Distance_input[6] ; tens[2]     ; 6.460 ; 6.264 ; 7.056 ; 6.864 ;
; Distance_input[6] ; tens[3]     ; 5.340 ; 5.477 ; 5.936 ; 6.073 ;
; Distance_input[6] ; unit[1]     ; 5.460 ; 5.633 ; 6.063 ; 6.228 ;
; Distance_input[6] ; unit[2]     ; 5.373 ; 5.460 ; 5.976 ; 6.063 ;
; Distance_input[6] ; unit[3]     ; 4.972 ; 5.011 ; 5.575 ; 5.614 ;
; Distance_input[7] ; hundreds[0] ; 4.845 ; 4.828 ; 5.419 ; 5.402 ;
; Distance_input[7] ; hundreds[1] ; 4.364 ; 4.351 ; 4.972 ; 4.959 ;
; Distance_input[7] ; hundreds[2] ; 3.947 ;       ;       ; 4.565 ;
; Distance_input[7] ; tens[0]     ; 4.739 ; 4.715 ; 5.327 ; 5.303 ;
; Distance_input[7] ; tens[1]     ; 5.454 ; 5.335 ; 6.028 ; 5.909 ;
; Distance_input[7] ; tens[2]     ; 6.422 ; 6.223 ; 6.996 ; 6.804 ;
; Distance_input[7] ; tens[3]     ; 5.302 ; 5.439 ; 5.876 ; 6.013 ;
; Distance_input[7] ; unit[1]     ; 5.397 ; 5.570 ; 5.985 ; 6.158 ;
; Distance_input[7] ; unit[2]     ; 5.310 ; 5.397 ; 5.898 ; 5.985 ;
; Distance_input[7] ; unit[3]     ; 4.909 ; 4.948 ; 5.497 ; 5.536 ;
; Distance_input[8] ; hundreds[0] ; 4.659 ; 4.642 ; 5.299 ; 5.282 ;
; Distance_input[8] ; hundreds[1] ; 4.223 ; 4.215 ; 4.811 ; 4.803 ;
; Distance_input[8] ; hundreds[2] ; 3.915 ;       ;       ; 4.547 ;
; Distance_input[8] ; tens[0]     ; 4.867 ; 4.843 ; 5.492 ; 5.468 ;
; Distance_input[8] ; tens[1]     ; 5.268 ; 5.149 ; 5.908 ; 5.789 ;
; Distance_input[8] ; tens[2]     ; 6.236 ; 6.044 ; 6.876 ; 6.677 ;
; Distance_input[8] ; tens[3]     ; 5.116 ; 5.253 ; 5.756 ; 5.893 ;
; Distance_input[8] ; unit[1]     ; 5.525 ; 5.698 ; 6.150 ; 6.307 ;
; Distance_input[8] ; unit[2]     ; 5.438 ; 5.525 ; 6.063 ; 6.150 ;
; Distance_input[8] ; unit[3]     ; 5.037 ; 5.076 ; 5.662 ; 5.701 ;
+-------------------+-------------+-------+-------+-------+-------+


+----------------------------------------------------------------------------+
; Multicorner Timing Analysis Summary                                        ;
+------------------+-------+------+----------+---------+---------------------+
; Clock            ; Setup ; Hold ; Recovery ; Removal ; Minimum Pulse Width ;
+------------------+-------+------+----------+---------+---------------------+
; Worst-case Slack ; 0.0   ; 0.0  ; 0.0      ; 0.0     ; 0.0                 ;
; Design-wide TNS  ; 0.0   ; 0.0  ; 0.0      ; 0.0     ; N/A                 ;
+------------------+-------+------+----------+---------+---------------------+


+---------------------------------------------------------------------+
; Progagation Delay                                                   ;
+-------------------+-------------+--------+--------+--------+--------+
; Input Port        ; Output Port ; RR     ; RF     ; FR     ; FF     ;
+-------------------+-------------+--------+--------+--------+--------+
; Distance_input[0] ; unit[0]     ; 5.727  ;        ;        ; 6.083  ;
; Distance_input[1] ; tens[0]     ; 7.192  ; 7.180  ; 7.605  ; 7.605  ;
; Distance_input[1] ; unit[1]     ; 8.450  ; 8.541  ; 8.897  ; 8.931  ;
; Distance_input[1] ; unit[2]     ; 8.216  ; 8.274  ; 8.713  ; 8.627  ;
; Distance_input[1] ; unit[3]     ; 7.513  ; 7.516  ; 7.956  ; 7.934  ;
; Distance_input[2] ; hundreds[0] ; 7.793  ; 7.831  ; 8.320  ; 8.358  ;
; Distance_input[2] ; tens[0]     ; 7.883  ; 7.912  ; 8.410  ; 8.439  ;
; Distance_input[2] ; tens[1]     ; 8.832  ; 8.829  ; 9.359  ; 9.356  ;
; Distance_input[2] ; tens[2]     ; 10.131 ; 9.964  ; 10.658 ; 10.491 ;
; Distance_input[2] ; tens[3]     ; 8.844  ; 8.757  ; 9.371  ; 9.284  ;
; Distance_input[2] ; unit[1]     ; 9.160  ; 9.204  ; 9.687  ; 9.731  ;
; Distance_input[2] ; unit[2]     ; 8.918  ; 8.938  ; 9.432  ; 9.465  ;
; Distance_input[2] ; unit[3]     ; 8.163  ; 8.207  ; 8.656  ; 8.734  ;
; Distance_input[3] ; hundreds[0] ; 9.246  ; 9.296  ; 9.648  ; 9.698  ;
; Distance_input[3] ; hundreds[1] ; 7.518  ; 7.621  ; 7.920  ; 8.023  ;
; Distance_input[3] ; tens[0]     ; 8.505  ; 8.534  ; 8.883  ; 8.912  ;
; Distance_input[3] ; tens[1]     ; 10.278 ; 10.245 ; 10.680 ; 10.647 ;
; Distance_input[3] ; tens[2]     ; 11.657 ; 11.436 ; 12.059 ; 11.838 ;
; Distance_input[3] ; tens[3]     ; 10.308 ; 10.224 ; 10.710 ; 10.626 ;
; Distance_input[3] ; unit[1]     ; 9.782  ; 9.826  ; 10.160 ; 10.204 ;
; Distance_input[3] ; unit[2]     ; 9.527  ; 9.560  ; 9.905  ; 9.938  ;
; Distance_input[3] ; unit[3]     ; 8.759  ; 8.829  ; 9.135  ; 9.207  ;
; Distance_input[4] ; hundreds[0] ; 9.977  ; 10.017 ; 10.373 ; 10.413 ;
; Distance_input[4] ; hundreds[1] ; 8.296  ; 8.394  ; 8.692  ; 8.790  ;
; Distance_input[4] ; hundreds[2] ; 7.226  ;        ;        ; 7.625  ;
; Distance_input[4] ; tens[0]     ; 9.298  ; 9.327  ; 9.670  ; 9.691  ;
; Distance_input[4] ; tens[1]     ; 10.999 ; 10.976 ; 11.395 ; 11.372 ;
; Distance_input[4] ; tens[2]     ; 12.378 ; 12.167 ; 12.774 ; 12.563 ;
; Distance_input[4] ; tens[3]     ; 11.029 ; 10.953 ; 11.425 ; 11.349 ;
; Distance_input[4] ; unit[1]     ; 10.575 ; 10.619 ; 10.939 ; 10.990 ;
; Distance_input[4] ; unit[2]     ; 10.320 ; 10.353 ; 10.718 ; 10.717 ;
; Distance_input[4] ; unit[3]     ; 9.515  ; 9.622  ; 9.963  ; 9.986  ;
; Distance_input[5] ; hundreds[0] ; 10.405 ; 10.445 ; 10.828 ; 10.869 ;
; Distance_input[5] ; hundreds[1] ; 8.724  ; 8.822  ; 9.147  ; 9.245  ;
; Distance_input[5] ; hundreds[2] ; 7.073  ;        ;        ; 7.450  ;
; Distance_input[5] ; tens[0]     ; 9.736  ; 9.765  ; 10.164 ; 10.193 ;
; Distance_input[5] ; tens[1]     ; 11.427 ; 11.404 ; 11.851 ; 11.827 ;
; Distance_input[5] ; tens[2]     ; 12.806 ; 12.595 ; 13.230 ; 13.018 ;
; Distance_input[5] ; tens[3]     ; 11.457 ; 11.381 ; 11.881 ; 11.804 ;
; Distance_input[5] ; unit[1]     ; 11.013 ; 11.057 ; 11.441 ; 11.485 ;
; Distance_input[5] ; unit[2]     ; 10.758 ; 10.791 ; 11.186 ; 11.219 ;
; Distance_input[5] ; unit[3]     ; 10.001 ; 10.060 ; 10.429 ; 10.488 ;
; Distance_input[6] ; hundreds[0] ; 10.618 ; 10.659 ; 11.004 ; 11.044 ;
; Distance_input[6] ; hundreds[1] ; 8.937  ; 9.035  ; 9.323  ; 9.421  ;
; Distance_input[6] ; hundreds[2] ; 6.920  ;        ;        ; 7.295  ;
; Distance_input[6] ; tens[0]     ; 9.954  ; 9.983  ; 10.326 ; 10.355 ;
; Distance_input[6] ; tens[1]     ; 11.641 ; 11.617 ; 12.026 ; 12.003 ;
; Distance_input[6] ; tens[2]     ; 13.020 ; 12.808 ; 13.405 ; 13.194 ;
; Distance_input[6] ; tens[3]     ; 11.671 ; 11.594 ; 12.056 ; 11.980 ;
; Distance_input[6] ; unit[1]     ; 11.231 ; 11.275 ; 11.603 ; 11.647 ;
; Distance_input[6] ; unit[2]     ; 10.976 ; 11.009 ; 11.348 ; 11.381 ;
; Distance_input[6] ; unit[3]     ; 10.219 ; 10.278 ; 10.591 ; 10.650 ;
; Distance_input[7] ; hundreds[0] ; 10.372 ; 10.412 ; 10.785 ; 10.825 ;
; Distance_input[7] ; hundreds[1] ; 8.691  ; 8.789  ; 9.104  ; 9.202  ;
; Distance_input[7] ; hundreds[2] ; 6.960  ;        ;        ; 7.359  ;
; Distance_input[7] ; tens[0]     ; 9.706  ; 9.735  ; 10.110 ; 10.139 ;
; Distance_input[7] ; tens[1]     ; 11.394 ; 11.371 ; 11.807 ; 11.784 ;
; Distance_input[7] ; tens[2]     ; 12.773 ; 12.562 ; 13.186 ; 12.975 ;
; Distance_input[7] ; tens[3]     ; 11.424 ; 11.348 ; 11.837 ; 11.761 ;
; Distance_input[7] ; unit[1]     ; 10.983 ; 11.027 ; 11.387 ; 11.431 ;
; Distance_input[7] ; unit[2]     ; 10.728 ; 10.761 ; 11.132 ; 11.165 ;
; Distance_input[7] ; unit[3]     ; 9.971  ; 10.030 ; 10.375 ; 10.434 ;
; Distance_input[8] ; hundreds[0] ; 10.692 ; 10.733 ; 11.122 ; 11.162 ;
; Distance_input[8] ; hundreds[1] ; 9.011  ; 9.109  ; 9.441  ; 9.539  ;
; Distance_input[8] ; hundreds[2] ; 6.868  ;        ;        ; 7.259  ;
; Distance_input[8] ; tens[0]     ; 10.028 ; 10.057 ; 10.441 ; 10.470 ;
; Distance_input[8] ; tens[1]     ; 11.715 ; 11.691 ; 12.144 ; 12.121 ;
; Distance_input[8] ; tens[2]     ; 13.094 ; 12.882 ; 13.523 ; 13.312 ;
; Distance_input[8] ; tens[3]     ; 11.745 ; 11.668 ; 12.174 ; 12.098 ;
; Distance_input[8] ; unit[1]     ; 11.305 ; 11.349 ; 11.718 ; 11.762 ;
; Distance_input[8] ; unit[2]     ; 11.050 ; 11.083 ; 11.463 ; 11.496 ;
; Distance_input[8] ; unit[3]     ; 10.293 ; 10.352 ; 10.699 ; 10.765 ;
+-------------------+-------------+--------+--------+--------+--------+


+-----------------------------------------------------------------+
; Minimum Progagation Delay                                       ;
+-------------------+-------------+-------+-------+-------+-------+
; Input Port        ; Output Port ; RR    ; RF    ; FR    ; FF    ;
+-------------------+-------------+-------+-------+-------+-------+
; Distance_input[0] ; unit[0]     ; 3.317 ;       ;       ; 3.865 ;
; Distance_input[1] ; tens[0]     ; 4.164 ; 4.133 ; 4.758 ; 4.731 ;
; Distance_input[1] ; unit[1]     ; 4.801 ; 4.924 ; 5.392 ; 5.504 ;
; Distance_input[1] ; unit[2]     ; 4.709 ; 4.839 ; 5.345 ; 5.381 ;
; Distance_input[1] ; unit[3]     ; 4.338 ; 4.376 ; 4.926 ; 4.980 ;
; Distance_input[2] ; hundreds[0] ; 4.553 ; 4.531 ; 5.174 ; 5.152 ;
; Distance_input[2] ; tens[0]     ; 4.423 ; 4.399 ; 5.042 ; 5.018 ;
; Distance_input[2] ; tens[1]     ; 5.159 ; 5.035 ; 5.780 ; 5.656 ;
; Distance_input[2] ; tens[2]     ; 6.129 ; 5.918 ; 6.750 ; 6.539 ;
; Distance_input[2] ; tens[3]     ; 4.998 ; 5.139 ; 5.619 ; 5.760 ;
; Distance_input[2] ; unit[1]     ; 5.081 ; 5.215 ; 5.700 ; 5.854 ;
; Distance_input[2] ; unit[2]     ; 4.994 ; 5.081 ; 5.613 ; 5.700 ;
; Distance_input[2] ; unit[3]     ; 4.593 ; 4.632 ; 5.212 ; 5.251 ;
; Distance_input[3] ; hundreds[0] ; 4.474 ; 4.452 ; 5.026 ; 5.004 ;
; Distance_input[3] ; hundreds[1] ; 4.276 ; 4.249 ; 4.859 ; 4.832 ;
; Distance_input[3] ; tens[0]     ; 4.348 ; 4.324 ; 4.900 ; 4.876 ;
; Distance_input[3] ; tens[1]     ; 5.080 ; 4.956 ; 5.632 ; 5.508 ;
; Distance_input[3] ; tens[2]     ; 6.050 ; 5.839 ; 6.602 ; 6.391 ;
; Distance_input[3] ; tens[3]     ; 4.919 ; 5.060 ; 5.471 ; 5.612 ;
; Distance_input[3] ; unit[1]     ; 5.006 ; 5.157 ; 5.558 ; 5.729 ;
; Distance_input[3] ; unit[2]     ; 4.919 ; 5.006 ; 5.471 ; 5.558 ;
; Distance_input[3] ; unit[3]     ; 4.518 ; 4.557 ; 5.070 ; 5.109 ;
; Distance_input[4] ; hundreds[0] ; 4.762 ; 4.740 ; 5.355 ; 5.333 ;
; Distance_input[4] ; hundreds[1] ; 4.401 ; 4.388 ; 5.012 ; 4.999 ;
; Distance_input[4] ; hundreds[2] ; 4.051 ;       ;       ; 4.678 ;
; Distance_input[4] ; tens[0]     ; 4.636 ; 4.612 ; 5.229 ; 5.205 ;
; Distance_input[4] ; tens[1]     ; 5.368 ; 5.244 ; 5.961 ; 5.837 ;
; Distance_input[4] ; tens[2]     ; 6.338 ; 6.127 ; 6.931 ; 6.720 ;
; Distance_input[4] ; tens[3]     ; 5.207 ; 5.348 ; 5.800 ; 5.941 ;
; Distance_input[4] ; unit[1]     ; 5.294 ; 5.467 ; 5.887 ; 6.051 ;
; Distance_input[4] ; unit[2]     ; 5.207 ; 5.294 ; 5.800 ; 5.887 ;
; Distance_input[4] ; unit[3]     ; 4.806 ; 4.845 ; 5.399 ; 5.438 ;
; Distance_input[5] ; hundreds[0] ; 4.857 ; 4.840 ; 5.433 ; 5.416 ;
; Distance_input[5] ; hundreds[1] ; 4.401 ; 4.393 ; 5.012 ; 5.004 ;
; Distance_input[5] ; hundreds[2] ; 4.007 ;       ;       ; 4.629 ;
; Distance_input[5] ; tens[0]     ; 4.751 ; 4.727 ; 5.318 ; 5.294 ;
; Distance_input[5] ; tens[1]     ; 5.466 ; 5.347 ; 6.042 ; 5.923 ;
; Distance_input[5] ; tens[2]     ; 6.434 ; 6.235 ; 7.010 ; 6.809 ;
; Distance_input[5] ; tens[3]     ; 5.314 ; 5.451 ; 5.889 ; 6.027 ;
; Distance_input[5] ; unit[1]     ; 5.409 ; 5.582 ; 5.976 ; 6.149 ;
; Distance_input[5] ; unit[2]     ; 5.322 ; 5.409 ; 5.889 ; 5.976 ;
; Distance_input[5] ; unit[3]     ; 4.921 ; 4.960 ; 5.488 ; 5.527 ;
; Distance_input[6] ; hundreds[0] ; 4.883 ; 4.866 ; 5.479 ; 5.462 ;
; Distance_input[6] ; hundreds[1] ; 4.340 ; 4.327 ; 4.946 ; 4.933 ;
; Distance_input[6] ; hundreds[2] ; 3.923 ;       ;       ; 4.539 ;
; Distance_input[6] ; tens[0]     ; 4.802 ; 4.778 ; 5.405 ; 5.381 ;
; Distance_input[6] ; tens[1]     ; 5.492 ; 5.373 ; 6.088 ; 5.969 ;
; Distance_input[6] ; tens[2]     ; 6.460 ; 6.264 ; 7.056 ; 6.864 ;
; Distance_input[6] ; tens[3]     ; 5.340 ; 5.477 ; 5.936 ; 6.073 ;
; Distance_input[6] ; unit[1]     ; 5.460 ; 5.633 ; 6.063 ; 6.228 ;
; Distance_input[6] ; unit[2]     ; 5.373 ; 5.460 ; 5.976 ; 6.063 ;
; Distance_input[6] ; unit[3]     ; 4.972 ; 5.011 ; 5.575 ; 5.614 ;
; Distance_input[7] ; hundreds[0] ; 4.845 ; 4.828 ; 5.419 ; 5.402 ;
; Distance_input[7] ; hundreds[1] ; 4.364 ; 4.351 ; 4.972 ; 4.959 ;
; Distance_input[7] ; hundreds[2] ; 3.947 ;       ;       ; 4.565 ;
; Distance_input[7] ; tens[0]     ; 4.739 ; 4.715 ; 5.327 ; 5.303 ;
; Distance_input[7] ; tens[1]     ; 5.454 ; 5.335 ; 6.028 ; 5.909 ;
; Distance_input[7] ; tens[2]     ; 6.422 ; 6.223 ; 6.996 ; 6.804 ;
; Distance_input[7] ; tens[3]     ; 5.302 ; 5.439 ; 5.876 ; 6.013 ;
; Distance_input[7] ; unit[1]     ; 5.397 ; 5.570 ; 5.985 ; 6.158 ;
; Distance_input[7] ; unit[2]     ; 5.310 ; 5.397 ; 5.898 ; 5.985 ;
; Distance_input[7] ; unit[3]     ; 4.909 ; 4.948 ; 5.497 ; 5.536 ;
; Distance_input[8] ; hundreds[0] ; 4.659 ; 4.642 ; 5.299 ; 5.282 ;
; Distance_input[8] ; hundreds[1] ; 4.223 ; 4.215 ; 4.811 ; 4.803 ;
; Distance_input[8] ; hundreds[2] ; 3.915 ;       ;       ; 4.547 ;
; Distance_input[8] ; tens[0]     ; 4.867 ; 4.843 ; 5.492 ; 5.468 ;
; Distance_input[8] ; tens[1]     ; 5.268 ; 5.149 ; 5.908 ; 5.789 ;
; Distance_input[8] ; tens[2]     ; 6.236 ; 6.044 ; 6.876 ; 6.677 ;
; Distance_input[8] ; tens[3]     ; 5.116 ; 5.253 ; 5.756 ; 5.893 ;
; Distance_input[8] ; unit[1]     ; 5.525 ; 5.698 ; 6.150 ; 6.307 ;
; Distance_input[8] ; unit[2]     ; 5.438 ; 5.525 ; 6.063 ; 6.150 ;
; Distance_input[8] ; unit[3]     ; 5.037 ; 5.076 ; 5.662 ; 5.701 ;
+-------------------+-------------+-------+-------+-------+-------+


+------------------------------------------------------------------------------------------------------------------------------------------------------------------------------------------------------------------------------------------------------------------------------------------------------------------------------------------------------------------+
; Board Trace Model Assignments                                                                                                                                                                                                                                                                                                                                    ;
+---------------+--------------+-------------------+-------------------------+-------------------------+---------------+---------------------+----------------+------------------+--------+------------------+------------------------+------------------------+--------------+---------------+-----------------+-------+---------------------+--------------------+
; Pin           ; I/O Standard ; Near Tline Length ; Near Tline L per Length ; Near Tline C per Length ; Near Series R ; Near Differential R ; Near Pull-up R ; Near Pull-down R ; Near C ; Far Tline Length ; Far Tline L per Length ; Far Tline C per Length ; Far Series R ; Far Pull-up R ; Far Pull-down R ; Far C ; Termination Voltage ; Far Differential R ;
+---------------+--------------+-------------------+-------------------------+-------------------------+---------------+---------------------+----------------+------------------+--------+------------------+------------------------+------------------------+--------------+---------------+-----------------+-------+---------------------+--------------------+
; hundreds[0]   ; 2.5 V        ; 0 in              ; 0 H/in                  ; 0 F/in                  ; short         ; -                   ; open           ; open             ; open   ; 0 in             ; 0 H/in                 ; 0 F/in                 ; short        ; open          ; open            ; open  ; 0 V                 ; -                  ;
; hundreds[1]   ; 2.5 V        ; 0 in              ; 0 H/in                  ; 0 F/in                  ; short         ; -                   ; open           ; open             ; open   ; 0 in             ; 0 H/in                 ; 0 F/in                 ; short        ; open          ; open            ; open  ; 0 V                 ; -                  ;
; hundreds[2]   ; 2.5 V        ; 0 in              ; 0 H/in                  ; 0 F/in                  ; short         ; -                   ; open           ; open             ; open   ; 0 in             ; 0 H/in                 ; 0 F/in                 ; short        ; open          ; open            ; open  ; 0 V                 ; -                  ;
; hundreds[3]   ; 2.5 V        ; 0 in              ; 0 H/in                  ; 0 F/in                  ; short         ; -                   ; open           ; open             ; open   ; 0 in             ; 0 H/in                 ; 0 F/in                 ; short        ; open          ; open            ; open  ; 0 V                 ; -                  ;
; tens[0]       ; 2.5 V        ; 0 in              ; 0 H/in                  ; 0 F/in                  ; short         ; -                   ; open           ; open             ; open   ; 0 in             ; 0 H/in                 ; 0 F/in                 ; short        ; open          ; open            ; open  ; 0 V                 ; -                  ;
; tens[1]       ; 2.5 V        ; 0 in              ; 0 H/in                  ; 0 F/in                  ; short         ; -                   ; open           ; open             ; open   ; 0 in             ; 0 H/in                 ; 0 F/in                 ; short        ; open          ; open            ; open  ; 0 V                 ; -                  ;
; tens[2]       ; 2.5 V        ; 0 in              ; 0 H/in                  ; 0 F/in                  ; short         ; -                   ; open           ; open             ; open   ; 0 in             ; 0 H/in                 ; 0 F/in                 ; short        ; open          ; open            ; open  ; 0 V                 ; -                  ;
; tens[3]       ; 2.5 V        ; 0 in              ; 0 H/in                  ; 0 F/in                  ; short         ; -                   ; open           ; open             ; open   ; 0 in             ; 0 H/in                 ; 0 F/in                 ; short        ; open          ; open            ; open  ; 0 V                 ; -                  ;
; unit[0]       ; 2.5 V        ; 0 in              ; 0 H/in                  ; 0 F/in                  ; short         ; -                   ; open           ; open             ; open   ; 0 in             ; 0 H/in                 ; 0 F/in                 ; short        ; open          ; open            ; open  ; 0 V                 ; -                  ;
; unit[1]       ; 2.5 V        ; 0 in              ; 0 H/in                  ; 0 F/in                  ; short         ; -                   ; open           ; open             ; open   ; 0 in             ; 0 H/in                 ; 0 F/in                 ; short        ; open          ; open            ; open  ; 0 V                 ; -                  ;
; unit[2]       ; 2.5 V        ; 0 in              ; 0 H/in                  ; 0 F/in                  ; short         ; -                   ; open           ; open             ; open   ; 0 in             ; 0 H/in                 ; 0 F/in                 ; short        ; open          ; open            ; open  ; 0 V                 ; -                  ;
; unit[3]       ; 2.5 V        ; 0 in              ; 0 H/in                  ; 0 F/in                  ; short         ; -                   ; open           ; open             ; open   ; 0 in             ; 0 H/in                 ; 0 F/in                 ; short        ; open          ; open            ; open  ; 0 V                 ; -                  ;
; ~ALTERA_DCLK~ ; 2.5 V        ; 0 in              ; 0 H/in                  ; 0 F/in                  ; short         ; -                   ; open           ; open             ; open   ; 0 in             ; 0 H/in                 ; 0 F/in                 ; short        ; open          ; open            ; open  ; 0 V                 ; -                  ;
; ~ALTERA_nCEO~ ; 2.5 V        ; 0 in              ; 0 H/in                  ; 0 F/in                  ; short         ; -                   ; open           ; open             ; open   ; 0 in             ; 0 H/in                 ; 0 F/in                 ; short        ; open          ; open            ; open  ; 0 V                 ; -                  ;
+---------------+--------------+-------------------+-------------------------+-------------------------+---------------+---------------------+----------------+------------------+--------+------------------+------------------------+------------------------+--------------+---------------+-----------------+-------+---------------------+--------------------+


+----------------------------------------------------------------------------+
; Input Transition Times                                                     ;
+-------------------------+--------------+-----------------+-----------------+
; Pin                     ; I/O Standard ; 10-90 Rise Time ; 90-10 Fall Time ;
+-------------------------+--------------+-----------------+-----------------+
; Distance_input[5]       ; 2.5 V        ; 2000 ps         ; 2000 ps         ;
; Distance_input[8]       ; 2.5 V        ; 2000 ps         ; 2000 ps         ;
; Distance_input[6]       ; 2.5 V        ; 2000 ps         ; 2000 ps         ;
; Distance_input[7]       ; 2.5 V        ; 2000 ps         ; 2000 ps         ;
; Distance_input[4]       ; 2.5 V        ; 2000 ps         ; 2000 ps         ;
; Distance_input[3]       ; 2.5 V        ; 2000 ps         ; 2000 ps         ;
; Distance_input[2]       ; 2.5 V        ; 2000 ps         ; 2000 ps         ;
; Distance_input[1]       ; 2.5 V        ; 2000 ps         ; 2000 ps         ;
; Distance_input[0]       ; 2.5 V        ; 2000 ps         ; 2000 ps         ;
; ~ALTERA_ASDO_DATA1~     ; 2.5 V        ; 2000 ps         ; 2000 ps         ;
; ~ALTERA_FLASH_nCE_nCSO~ ; 2.5 V        ; 2000 ps         ; 2000 ps         ;
; ~ALTERA_DATA0~          ; 2.5 V        ; 2000 ps         ; 2000 ps         ;
+-------------------------+--------------+-----------------+-----------------+


+--------------------------------------------------------------------------------------------------------------------------------------------------------------------------------------------------------------------------------------------------------------------------------------------------------------------------------------------------------------------------------------------------------------------------------------------------------------------------------------------------------------------------------------------------------------------------------------------------------------------------------------------------------------------------------------------+
; Slow Corner Signal Integrity Metrics                                                                                                                                                                                                                                                                                                                                                                                                                                                                                                                                                                                                                                                       ;
+---------------+--------------+---------------------+---------------------+------------------------------+------------------------------+---------------------+---------------------+--------------------------------------+--------------------------------------+-----------------------------+-----------------------------+----------------------------+----------------------------+-----------------------------+-----------------------------+--------------------+--------------------+-------------------------------------+-------------------------------------+----------------------------+----------------------------+---------------------------+---------------------------+
; Pin           ; I/O Standard ; Board Delay on Rise ; Board Delay on Fall ; Steady State Voh at FPGA Pin ; Steady State Vol at FPGA Pin ; Voh Max at FPGA Pin ; Vol Min at FPGA Pin ; Ringback Voltage on Rise at FPGA Pin ; Ringback Voltage on Fall at FPGA Pin ; 10-90 Rise Time at FPGA Pin ; 90-10 Fall Time at FPGA Pin ; Monotonic Rise at FPGA Pin ; Monotonic Fall at FPGA Pin ; Steady State Voh at Far-end ; Steady State Vol at Far-end ; Voh Max at Far-end ; Vol Min at Far-end ; Ringback Voltage on Rise at Far-end ; Ringback Voltage on Fall at Far-end ; 10-90 Rise Time at Far-end ; 90-10 Fall Time at Far-end ; Monotonic Rise at Far-end ; Monotonic Fall at Far-end ;
+---------------+--------------+---------------------+---------------------+------------------------------+------------------------------+---------------------+---------------------+--------------------------------------+--------------------------------------+-----------------------------+-----------------------------+----------------------------+----------------------------+-----------------------------+-----------------------------+--------------------+--------------------+-------------------------------------+-------------------------------------+----------------------------+----------------------------+---------------------------+---------------------------+
; hundreds[0]   ; 2.5 V        ; 0 s                 ; 0 s                 ; 2.32 V                       ; 7.26e-007 V                  ; 2.35 V              ; -0.011 V            ; 0.113 V                              ; 0.035 V                              ; 7.76e-010 s                 ; 8.05e-010 s                 ; Yes                        ; Yes                        ; 2.32 V                      ; 7.26e-007 V                 ; 2.35 V             ; -0.011 V           ; 0.113 V                             ; 0.035 V                             ; 7.76e-010 s                ; 8.05e-010 s                ; Yes                       ; Yes                       ;
; hundreds[1]   ; 2.5 V        ; 0 s                 ; 0 s                 ; 2.32 V                       ; 1.08e-006 V                  ; 2.36 V              ; -0.0108 V           ; 0.122 V                              ; 0.021 V                              ; 4.5e-010 s                  ; 4.45e-010 s                 ; Yes                        ; Yes                        ; 2.32 V                      ; 1.08e-006 V                 ; 2.36 V             ; -0.0108 V          ; 0.122 V                             ; 0.021 V                             ; 4.5e-010 s                 ; 4.45e-010 s                ; Yes                       ; Yes                       ;
; hundreds[2]   ; 2.5 V        ; 0 s                 ; 0 s                 ; 2.32 V                       ; 1.08e-006 V                  ; 2.36 V              ; -0.0108 V           ; 0.122 V                              ; 0.021 V                              ; 4.5e-010 s                  ; 4.45e-010 s                 ; Yes                        ; Yes                        ; 2.32 V                      ; 1.08e-006 V                 ; 2.36 V             ; -0.0108 V          ; 0.122 V                             ; 0.021 V                             ; 4.5e-010 s                 ; 4.45e-010 s                ; Yes                       ; Yes                       ;
; hundreds[3]   ; 2.5 V        ; 0 s                 ; 0 s                 ; 2.32 V                       ; 1.08e-006 V                  ; 2.36 V              ; -0.0108 V           ; 0.122 V                              ; 0.021 V                              ; 4.5e-010 s                  ; 4.45e-010 s                 ; Yes                        ; Yes                        ; 2.32 V                      ; 1.08e-006 V                 ; 2.36 V             ; -0.0108 V          ; 0.122 V                             ; 0.021 V                             ; 4.5e-010 s                 ; 4.45e-010 s                ; Yes                       ; Yes                       ;
; tens[0]       ; 2.5 V        ; 0 s                 ; 0 s                 ; 2.32 V                       ; 7.26e-007 V                  ; 2.35 V              ; -0.011 V            ; 0.113 V                              ; 0.035 V                              ; 7.76e-010 s                 ; 8.05e-010 s                 ; Yes                        ; Yes                        ; 2.32 V                      ; 7.26e-007 V                 ; 2.35 V             ; -0.011 V           ; 0.113 V                             ; 0.035 V                             ; 7.76e-010 s                ; 8.05e-010 s                ; Yes                       ; Yes                       ;
; tens[1]       ; 2.5 V        ; 0 s                 ; 0 s                 ; 2.32 V                       ; 1.08e-006 V                  ; 2.36 V              ; -0.0108 V           ; 0.122 V                              ; 0.021 V                              ; 4.5e-010 s                  ; 4.45e-010 s                 ; Yes                        ; Yes                        ; 2.32 V                      ; 1.08e-006 V                 ; 2.36 V             ; -0.0108 V          ; 0.122 V                             ; 0.021 V                             ; 4.5e-010 s                 ; 4.45e-010 s                ; Yes                       ; Yes                       ;
; tens[2]       ; 2.5 V        ; 0 s                 ; 0 s                 ; 2.32 V                       ; 1.08e-006 V                  ; 2.33 V              ; -0.00342 V          ; 0.17 V                               ; 0.084 V                              ; 3.33e-009 s                 ; 3.24e-009 s                 ; Yes                        ; Yes                        ; 2.32 V                      ; 1.08e-006 V                 ; 2.33 V             ; -0.00342 V         ; 0.17 V                              ; 0.084 V                             ; 3.33e-009 s                ; 3.24e-009 s                ; Yes                       ; Yes                       ;
; tens[3]       ; 2.5 V        ; 0 s                 ; 0 s                 ; 2.32 V                       ; 7.26e-007 V                  ; 2.36 V              ; -0.00968 V          ; 0.111 V                              ; 0.026 V                              ; 6.46e-010 s                 ; 6.2e-010 s                  ; Yes                        ; Yes                        ; 2.32 V                      ; 7.26e-007 V                 ; 2.36 V             ; -0.00968 V         ; 0.111 V                             ; 0.026 V                             ; 6.46e-010 s                ; 6.2e-010 s                 ; Yes                       ; Yes                       ;
; unit[0]       ; 2.5 V        ; 0 s                 ; 0 s                 ; 2.32 V                       ; 1.08e-006 V                  ; 2.36 V              ; -0.0108 V           ; 0.122 V                              ; 0.021 V                              ; 4.5e-010 s                  ; 4.45e-010 s                 ; Yes                        ; Yes                        ; 2.32 V                      ; 1.08e-006 V                 ; 2.36 V             ; -0.0108 V          ; 0.122 V                             ; 0.021 V                             ; 4.5e-010 s                 ; 4.45e-010 s                ; Yes                       ; Yes                       ;
; unit[1]       ; 2.5 V        ; 0 s                 ; 0 s                 ; 2.32 V                       ; 1.08e-006 V                  ; 2.36 V              ; -0.0108 V           ; 0.122 V                              ; 0.021 V                              ; 4.5e-010 s                  ; 4.45e-010 s                 ; Yes                        ; Yes                        ; 2.32 V                      ; 1.08e-006 V                 ; 2.36 V             ; -0.0108 V          ; 0.122 V                             ; 0.021 V                             ; 4.5e-010 s                 ; 4.45e-010 s                ; Yes                       ; Yes                       ;
; unit[2]       ; 2.5 V        ; 0 s                 ; 0 s                 ; 2.32 V                       ; 7.26e-007 V                  ; 2.35 V              ; -0.011 V            ; 0.113 V                              ; 0.035 V                              ; 7.76e-010 s                 ; 8.05e-010 s                 ; Yes                        ; Yes                        ; 2.32 V                      ; 7.26e-007 V                 ; 2.35 V             ; -0.011 V           ; 0.113 V                             ; 0.035 V                             ; 7.76e-010 s                ; 8.05e-010 s                ; Yes                       ; Yes                       ;
; unit[3]       ; 2.5 V        ; 0 s                 ; 0 s                 ; 2.32 V                       ; 7.26e-007 V                  ; 2.35 V              ; -0.011 V            ; 0.113 V                              ; 0.035 V                              ; 7.76e-010 s                 ; 8.05e-010 s                 ; Yes                        ; Yes                        ; 2.32 V                      ; 7.26e-007 V                 ; 2.35 V             ; -0.011 V           ; 0.113 V                             ; 0.035 V                             ; 7.76e-010 s                ; 8.05e-010 s                ; Yes                       ; Yes                       ;
; ~ALTERA_DCLK~ ; 2.5 V        ; 0 s                 ; 0 s                 ; 2.32 V                       ; 5.68e-007 V                  ; 2.35 V              ; -0.0132 V           ; 0.2 V                                ; 0.027 V                              ; 5.26e-010 s                 ; 4.81e-010 s                 ; Yes                        ; Yes                        ; 2.32 V                      ; 5.68e-007 V                 ; 2.35 V             ; -0.0132 V          ; 0.2 V                               ; 0.027 V                             ; 5.26e-010 s                ; 4.81e-010 s                ; Yes                       ; Yes                       ;
; ~ALTERA_nCEO~ ; 2.5 V        ; 0 s                 ; 0 s                 ; 2.32 V                       ; 9.36e-007 V                  ; 2.35 V              ; -0.00483 V          ; 0.18 V                               ; 0.019 V                              ; 7.23e-010 s                 ; 9.82e-010 s                 ; Yes                        ; Yes                        ; 2.32 V                      ; 9.36e-007 V                 ; 2.35 V             ; -0.00483 V         ; 0.18 V                              ; 0.019 V                             ; 7.23e-010 s                ; 9.82e-010 s                ; Yes                       ; Yes                       ;
+---------------+--------------+---------------------+---------------------+------------------------------+------------------------------+---------------------+---------------------+--------------------------------------+--------------------------------------+-----------------------------+-----------------------------+----------------------------+----------------------------+-----------------------------+-----------------------------+--------------------+--------------------+-------------------------------------+-------------------------------------+----------------------------+----------------------------+---------------------------+---------------------------+


+--------------------------------------------------------------------------------------------------------------------------------------------------------------------------------------------------------------------------------------------------------------------------------------------------------------------------------------------------------------------------------------------------------------------------------------------------------------------------------------------------------------------------------------------------------------------------------------------------------------------------------------------------------------------------------------------+
; Fast Corner Signal Integrity Metrics                                                                                                                                                                                                                                                                                                                                                                                                                                                                                                                                                                                                                                                       ;
+---------------+--------------+---------------------+---------------------+------------------------------+------------------------------+---------------------+---------------------+--------------------------------------+--------------------------------------+-----------------------------+-----------------------------+----------------------------+----------------------------+-----------------------------+-----------------------------+--------------------+--------------------+-------------------------------------+-------------------------------------+----------------------------+----------------------------+---------------------------+---------------------------+
; Pin           ; I/O Standard ; Board Delay on Rise ; Board Delay on Fall ; Steady State Voh at FPGA Pin ; Steady State Vol at FPGA Pin ; Voh Max at FPGA Pin ; Vol Min at FPGA Pin ; Ringback Voltage on Rise at FPGA Pin ; Ringback Voltage on Fall at FPGA Pin ; 10-90 Rise Time at FPGA Pin ; 90-10 Fall Time at FPGA Pin ; Monotonic Rise at FPGA Pin ; Monotonic Fall at FPGA Pin ; Steady State Voh at Far-end ; Steady State Vol at Far-end ; Voh Max at Far-end ; Vol Min at Far-end ; Ringback Voltage on Rise at Far-end ; Ringback Voltage on Fall at Far-end ; 10-90 Rise Time at Far-end ; 90-10 Fall Time at Far-end ; Monotonic Rise at Far-end ; Monotonic Fall at Far-end ;
+---------------+--------------+---------------------+---------------------+------------------------------+------------------------------+---------------------+---------------------+--------------------------------------+--------------------------------------+-----------------------------+-----------------------------+----------------------------+----------------------------+-----------------------------+-----------------------------+--------------------+--------------------+-------------------------------------+-------------------------------------+----------------------------+----------------------------+---------------------------+---------------------------+
; hundreds[0]   ; 2.5 V        ; 0 s                 ; 0 s                 ; 2.62 V                       ; 2.78e-008 V                  ; 2.71 V              ; -0.0352 V           ; 0.253 V                              ; 0.068 V                              ; 4.96e-010 s                 ; 5.19e-010 s                 ; No                         ; Yes                        ; 2.62 V                      ; 2.78e-008 V                 ; 2.71 V             ; -0.0352 V          ; 0.253 V                             ; 0.068 V                             ; 4.96e-010 s                ; 5.19e-010 s                ; No                        ; Yes                       ;
; hundreds[1]   ; 2.5 V        ; 0 s                 ; 0 s                 ; 2.62 V                       ; 4.11e-008 V                  ; 2.73 V              ; -0.0567 V           ; 0.191 V                              ; 0.12 V                               ; 2.69e-010 s                 ; 2.76e-010 s                 ; Yes                        ; Yes                        ; 2.62 V                      ; 4.11e-008 V                 ; 2.73 V             ; -0.0567 V          ; 0.191 V                             ; 0.12 V                              ; 2.69e-010 s                ; 2.76e-010 s                ; Yes                       ; Yes                       ;
; hundreds[2]   ; 2.5 V        ; 0 s                 ; 0 s                 ; 2.62 V                       ; 4.11e-008 V                  ; 2.73 V              ; -0.0567 V           ; 0.191 V                              ; 0.12 V                               ; 2.69e-010 s                 ; 2.76e-010 s                 ; Yes                        ; Yes                        ; 2.62 V                      ; 4.11e-008 V                 ; 2.73 V             ; -0.0567 V          ; 0.191 V                             ; 0.12 V                              ; 2.69e-010 s                ; 2.76e-010 s                ; Yes                       ; Yes                       ;
; hundreds[3]   ; 2.5 V        ; 0 s                 ; 0 s                 ; 2.62 V                       ; 4.11e-008 V                  ; 2.73 V              ; -0.0567 V           ; 0.191 V                              ; 0.12 V                               ; 2.69e-010 s                 ; 2.76e-010 s                 ; Yes                        ; Yes                        ; 2.62 V                      ; 4.11e-008 V                 ; 2.73 V             ; -0.0567 V          ; 0.191 V                             ; 0.12 V                              ; 2.69e-010 s                ; 2.76e-010 s                ; Yes                       ; Yes                       ;
; tens[0]       ; 2.5 V        ; 0 s                 ; 0 s                 ; 2.62 V                       ; 2.78e-008 V                  ; 2.71 V              ; -0.0352 V           ; 0.253 V                              ; 0.068 V                              ; 4.96e-010 s                 ; 5.19e-010 s                 ; No                         ; Yes                        ; 2.62 V                      ; 2.78e-008 V                 ; 2.71 V             ; -0.0352 V          ; 0.253 V                             ; 0.068 V                             ; 4.96e-010 s                ; 5.19e-010 s                ; No                        ; Yes                       ;
; tens[1]       ; 2.5 V        ; 0 s                 ; 0 s                 ; 2.62 V                       ; 4.11e-008 V                  ; 2.73 V              ; -0.0567 V           ; 0.191 V                              ; 0.12 V                               ; 2.69e-010 s                 ; 2.76e-010 s                 ; Yes                        ; Yes                        ; 2.62 V                      ; 4.11e-008 V                 ; 2.73 V             ; -0.0567 V          ; 0.191 V                             ; 0.12 V                              ; 2.69e-010 s                ; 2.76e-010 s                ; Yes                       ; Yes                       ;
; tens[2]       ; 2.5 V        ; 0 s                 ; 0 s                 ; 2.62 V                       ; 4.11e-008 V                  ; 2.64 V              ; -0.011 V            ; 0.212 V                              ; 0.198 V                              ; 2.38e-009 s                 ; 2.29e-009 s                 ; No                         ; Yes                        ; 2.62 V                      ; 4.11e-008 V                 ; 2.64 V             ; -0.011 V           ; 0.212 V                             ; 0.198 V                             ; 2.38e-009 s                ; 2.29e-009 s                ; No                        ; Yes                       ;
; tens[3]       ; 2.5 V        ; 0 s                 ; 0 s                 ; 2.62 V                       ; 2.78e-008 V                  ; 2.72 V              ; -0.0395 V           ; 0.163 V                              ; 0.079 V                              ; 4.51e-010 s                 ; 4.33e-010 s                 ; No                         ; Yes                        ; 2.62 V                      ; 2.78e-008 V                 ; 2.72 V             ; -0.0395 V          ; 0.163 V                             ; 0.079 V                             ; 4.51e-010 s                ; 4.33e-010 s                ; No                        ; Yes                       ;
; unit[0]       ; 2.5 V        ; 0 s                 ; 0 s                 ; 2.62 V                       ; 4.11e-008 V                  ; 2.73 V              ; -0.0567 V           ; 0.191 V                              ; 0.12 V                               ; 2.69e-010 s                 ; 2.76e-010 s                 ; Yes                        ; Yes                        ; 2.62 V                      ; 4.11e-008 V                 ; 2.73 V             ; -0.0567 V          ; 0.191 V                             ; 0.12 V                              ; 2.69e-010 s                ; 2.76e-010 s                ; Yes                       ; Yes                       ;
; unit[1]       ; 2.5 V        ; 0 s                 ; 0 s                 ; 2.62 V                       ; 4.11e-008 V                  ; 2.73 V              ; -0.0567 V           ; 0.191 V                              ; 0.12 V                               ; 2.69e-010 s                 ; 2.76e-010 s                 ; Yes                        ; Yes                        ; 2.62 V                      ; 4.11e-008 V                 ; 2.73 V             ; -0.0567 V          ; 0.191 V                             ; 0.12 V                              ; 2.69e-010 s                ; 2.76e-010 s                ; Yes                       ; Yes                       ;
; unit[2]       ; 2.5 V        ; 0 s                 ; 0 s                 ; 2.62 V                       ; 2.78e-008 V                  ; 2.71 V              ; -0.0352 V           ; 0.253 V                              ; 0.068 V                              ; 4.96e-010 s                 ; 5.19e-010 s                 ; No                         ; Yes                        ; 2.62 V                      ; 2.78e-008 V                 ; 2.71 V             ; -0.0352 V          ; 0.253 V                             ; 0.068 V                             ; 4.96e-010 s                ; 5.19e-010 s                ; No                        ; Yes                       ;
; unit[3]       ; 2.5 V        ; 0 s                 ; 0 s                 ; 2.62 V                       ; 2.78e-008 V                  ; 2.71 V              ; -0.0352 V           ; 0.253 V                              ; 0.068 V                              ; 4.96e-010 s                 ; 5.19e-010 s                 ; No                         ; Yes                        ; 2.62 V                      ; 2.78e-008 V                 ; 2.71 V             ; -0.0352 V          ; 0.253 V                             ; 0.068 V                             ; 4.96e-010 s                ; 5.19e-010 s                ; No                        ; Yes                       ;
; ~ALTERA_DCLK~ ; 2.5 V        ; 0 s                 ; 0 s                 ; 2.62 V                       ; 2.19e-008 V                  ; 2.72 V              ; -0.0746 V           ; 0.28 V                               ; 0.169 V                              ; 3.1e-010 s                  ; 3.01e-010 s                 ; No                         ; Yes                        ; 2.62 V                      ; 2.19e-008 V                 ; 2.72 V             ; -0.0746 V          ; 0.28 V                              ; 0.169 V                             ; 3.1e-010 s                 ; 3.01e-010 s                ; No                        ; Yes                       ;
; ~ALTERA_nCEO~ ; 2.5 V        ; 0 s                 ; 0 s                 ; 2.62 V                       ; 3.53e-008 V                  ; 2.7 V               ; -0.021 V            ; 0.204 V                              ; 0.048 V                              ; 4.85e-010 s                 ; 6.74e-010 s                 ; No                         ; Yes                        ; 2.62 V                      ; 3.53e-008 V                 ; 2.7 V              ; -0.021 V           ; 0.204 V                             ; 0.048 V                             ; 4.85e-010 s                ; 6.74e-010 s                ; No                        ; Yes                       ;
+---------------+--------------+---------------------+---------------------+------------------------------+------------------------------+---------------------+---------------------+--------------------------------------+--------------------------------------+-----------------------------+-----------------------------+----------------------------+----------------------------+-----------------------------+-----------------------------+--------------------+--------------------+-------------------------------------+-------------------------------------+----------------------------+----------------------------+---------------------------+---------------------------+


-------------------
; Clock Transfers ;
-------------------
No clock transfers to report.


---------------
; Report TCCS ;
---------------
No dedicated SERDES Transmitter circuitry present in device or used in design.


---------------
; Report RSKM ;
---------------
No dedicated SERDES Receiver circuitry present in device or used in design.


+------------------------------------------------+
; Unconstrained Paths                            ;
+---------------------------------+-------+------+
; Property                        ; Setup ; Hold ;
+---------------------------------+-------+------+
; Illegal Clocks                  ; 0     ; 0    ;
; Unconstrained Clocks            ; 0     ; 0    ;
; Unconstrained Input Ports       ; 9     ; 9    ;
; Unconstrained Input Port Paths  ; 72    ; 72   ;
; Unconstrained Output Ports      ; 11    ; 11   ;
; Unconstrained Output Port Paths ; 72    ; 72   ;
+---------------------------------+-------+------+


+------------------------------------+
; TimeQuest Timing Analyzer Messages ;
+------------------------------------+
Info: *******************************************************************
Info: Running Quartus II TimeQuest Timing Analyzer
    Info: Version 9.0 Build 132 02/25/2009 SJ Web Edition
    Info: Processing started: Sun Mar 08 01:51:29 2020
Info: Command: quartus_sta BCD_Converter -c BCD_Converter
Info: qsta_default_script.tcl version: #3
Info: Core supply voltage is 1.2V
Info: Low junction temperature is 0 degrees C
Info: High junction temperature is 85 degrees C
Critical Warning: Synopsys Design Constraints File file not found: 'BCD_Converter.sdc'. A Synopsys Design Constraints File is required by the TimeQuest Timing Analyzer to get proper timing constraints. Without it, the Compiler will not properly optimize the design.
Info: No user constrained base clocks found in the design. Calling "derive_clocks -period 1.0"
Info: The command derive_clocks did not find any clocks to derive.  No clocks were created or changed.
Warning: No clocks defined in design.
Info: No clocks to report
Info: Analyzing Slow 1200mV 85C Model
Info: No fmax paths to report
Info: No setup paths to report
Info: No hold paths to report
Info: No recovery paths to report
Info: No removal paths to report
Info: No minimum pulse width or minimum period width checks to report
Info: The Metastability Analysis global option is set to OFF.
Info: No synchronizer chains to report.
Info: Analyzing Slow 1200mV 0C Model
Info: Started post-fitting delay annotation
Info: Delay annotation completed successfully
Info: No user constrained base clocks found in the design. Calling "derive_clocks -period 1.0"
Info: The command derive_clocks did not find any clocks to derive.  No clocks were created or changed.
Warning: No clocks defined in design.
Info: No fmax paths to report
Info: No setup paths to report
Info: No hold paths to report
Info: No recovery paths to report
Info: No removal paths to report
Info: No minimum pulse width or minimum period width checks to report
Info: The Metastability Analysis global option is set to OFF.
Info: No synchronizer chains to report.
Info: Analyzing Fast 1200mV 0C Model
Info: Started post-fitting delay annotation
Info: Delay annotation completed successfully
Info: No user constrained base clocks found in the design. Calling "derive_clocks -period 1.0"
Info: The command derive_clocks did not find any clocks to derive.  No clocks were created or changed.
Warning: No clocks defined in design.
Info: No setup paths to report
Info: No hold paths to report
Info: No recovery paths to report
Info: No removal paths to report
Info: No minimum pulse width or minimum period width checks to report
Info: The Metastability Analysis global option is set to OFF.
Info: No synchronizer chains to report.
Warning: At least one of the filters had some problems and could not be matched.
    Warning: * could not be matched with a clock.
Info: Design is not fully constrained for setup requirements
Info: Design is not fully constrained for hold requirements
Info: Quartus II TimeQuest Timing Analyzer was successful. 0 errors, 6 warnings
    Info: Peak virtual memory: 256 megabytes
    Info: Processing ended: Sun Mar 08 01:51:31 2020
    Info: Elapsed time: 00:00:02
    Info: Total CPU time (on all processors): 00:00:01


